Apr 21, 2017 3:22:32 PM com.sun.xml.internal.bind.v2.runtime.reflect.opt.OptimizedAccessorFactory get
FEIN: Using optimized Accessor for public ch.ethz.inspire.emod.model.parameters.ParameterSet ch.ethz.inspire.emod.dd.model.DuctArc.getParameterSet() and public void ch.ethz.inspire.emod.dd.model.DuctArc.setParameterSet(ch.ethz.inspire.emod.model.parameters.ParameterSet)
Apr 21, 2017 3:22:32 PM com.sun.xml.internal.bind.v2.util.XmlFactory createParserFactory
FEIN: SAXParserFactory instance: com.sun.org.apache.xerces.internal.jaxp.SAXParserFactoryImpl@2ea6137
Apr 21, 2017 3:22:32 PM  
SCHWERWIEGEND: No propertiy 'BearingType' found in 'MachineComponentDB/LinAxis/LinAxis_MoriSeiki_NVM5000_XYAxis.xml'!
Apr 21, 2017 3:22:32 PM javax.xml.bind.ContextFinder find
FEIN: Trying to locate ch/ethz/inspire/emod/dd/jaxb.properties
Apr 21, 2017 3:22:32 PM javax.xml.bind.ContextFinder find
FEIN:   not found
Apr 21, 2017 3:22:32 PM javax.xml.bind.ContextFinder find
FEIN: Checking system property javax.xml.bind.context.factory
Apr 21, 2017 3:22:32 PM javax.xml.bind.ContextFinder find
FEIN:   not found
Apr 21, 2017 3:22:32 PM javax.xml.bind.ContextFinder find
FEIN: Checking system property javax.xml.bind.JAXBContext
Apr 21, 2017 3:22:32 PM javax.xml.bind.ContextFinder find
FEIN:   not found
Apr 21, 2017 3:22:32 PM javax.xml.bind.ContextFinder lookupJaxbContextUsingOsgiServiceLoader
FEIN: Unable to find from OSGi: javax.xml.bind.JAXBContext
Apr 21, 2017 3:22:32 PM javax.xml.bind.ContextFinder find
FEIN: Checking META-INF/services
Apr 21, 2017 3:22:32 PM javax.xml.bind.ContextFinder find
FEIN: Unable to find: META-INF/services/javax.xml.bind.JAXBContext
Apr 21, 2017 3:22:32 PM javax.xml.bind.ContextFinder find
FEIN: Trying to create the platform default provider
Apr 21, 2017 3:22:32 PM javax.xml.bind.ContextFinder safeLoadClass
FEIN: Trying to load com.sun.xml.internal.bind.v2.ContextFactory
Apr 21, 2017 3:22:32 PM javax.xml.bind.ContextFinder newInstance
FEIN: loaded com.sun.xml.internal.bind.v2.ContextFactory from jar:file:/usr/lib/jvm/java-8-openjdk-amd64/jre/lib/rt.jar!/com/sun/xml/internal/bind/v2/ContextFactory.class
Apr 21, 2017 3:22:32 PM com.sun.xml.internal.bind.v2.ContextFactory createContext
FEIN: Property com.sun.xml.internal.bind.XmlAccessorFactoryis not active.  Using JAXB's implementation
Apr 21, 2017 3:22:32 PM com.sun.xml.internal.bind.v2.runtime.reflect.opt.OptimizedAccessorFactory get
FEIN: Using optimized Accessor for protected java.lang.String ch.ethz.inspire.emod.model.material.Material.type
Apr 21, 2017 3:22:32 PM com.sun.xml.internal.bind.v2.runtime.reflect.opt.OptimizedAccessorFactory get
FEIN: Using optimized Accessor for protected java.lang.String ch.ethz.inspire.emod.model.material.Material.type
Apr 21, 2017 3:22:32 PM com.sun.xml.internal.bind.v2.runtime.reflect.opt.OptimizedAccessorFactory get
FEIN: Using optimized Accessor for protected double ch.ethz.inspire.emod.dd.model.ADuctElement.heatSource
Apr 21, 2017 3:22:32 PM com.sun.xml.internal.bind.v2.runtime.reflect.opt.OptimizedAccessorFactory get
FEIN: Using optimized Accessor for protected double ch.ethz.inspire.emod.dd.model.ADuctElement.wallTemperature
Apr 21, 2017 3:22:32 PM com.sun.xml.internal.bind.v2.runtime.reflect.opt.OptimizedAccessorFactory get
FEIN: Using optimized Accessor for public ch.ethz.inspire.emod.dd.model.Isolation ch.ethz.inspire.emod.dd.model.ADuctElement.getIsolation() and public void ch.ethz.inspire.emod.dd.model.ADuctElement.setIsolation(ch.ethz.inspire.emod.dd.model.Isolation)
Apr 21, 2017 3:22:32 PM com.sun.xml.internal.bind.v2.runtime.reflect.opt.OptimizedAccessorFactory get
FEIN: Using optimized Accessor for public java.lang.String ch.ethz.inspire.emod.dd.model.ADuctElement.getName() and public void ch.ethz.inspire.emod.dd.model.ADuctElement.setName(java.lang.String)
Apr 21, 2017 3:22:32 PM com.sun.xml.internal.bind.v2.runtime.reflect.opt.OptimizedAccessorFactory get
FEIN: Using optimized Accessor for public java.lang.String ch.ethz.inspire.emod.dd.model.ADuctElement.getName() and public void ch.ethz.inspire.emod.dd.model.ADuctElement.setName(java.lang.String)
Apr 21, 2017 3:22:32 PM com.sun.xml.internal.bind.v2.runtime.reflect.opt.OptimizedAccessorFactory get
FEIN: Using optimized Accessor for public ch.ethz.inspire.emod.dd.model.AHydraulicProfile ch.ethz.inspire.emod.dd.model.ADuctElement.getProfile() and public void ch.ethz.inspire.emod.dd.model.ADuctElement.setProfile(ch.ethz.inspire.emod.dd.model.AHydraulicProfile)
Apr 21, 2017 3:22:32 PM com.sun.xml.internal.bind.v2.runtime.reflect.opt.OptimizedAccessorFactory get
FEIN: Using optimized Accessor for double ch.ethz.inspire.emod.dd.model.DuctElbowFitting.count
Apr 21, 2017 3:22:32 PM com.sun.xml.internal.bind.v2.runtime.reflect.opt.OptimizedAccessorFactory get
FEIN: Using optimized Accessor for double ch.ethz.inspire.emod.dd.model.DuctFlowAround.radius
Apr 21, 2017 3:22:32 PM com.sun.xml.internal.bind.v2.runtime.reflect.opt.OptimizedAccessorFactory get
FEIN: Using optimized Accessor for double ch.ethz.inspire.emod.dd.model.DuctHelix.radius
Apr 21, 2017 3:22:32 PM com.sun.xml.internal.bind.v2.runtime.reflect.opt.OptimizedAccessorFactory get
FEIN: Using optimized Accessor for double ch.ethz.inspire.emod.dd.model.DuctHelix.height
Apr 21, 2017 3:22:32 PM com.sun.xml.internal.bind.v2.runtime.reflect.opt.OptimizedAccessorFactory get
FEIN: Using optimized Accessor for double ch.ethz.inspire.emod.dd.model.DuctHelix.distance
Apr 21, 2017 3:22:32 PM com.sun.xml.internal.bind.v2.runtime.reflect.opt.OptimizedAccessorFactory get
FEIN: Using optimized Accessor for double ch.ethz.inspire.emod.dd.model.DuctDefinedValues.zeta
Apr 21, 2017 3:22:32 PM com.sun.xml.internal.bind.v2.runtime.reflect.opt.OptimizedAccessorFactory get
FEIN: Using optimized Accessor for double ch.ethz.inspire.emod.dd.model.DuctDefinedValues.alpha
Apr 21, 2017 3:22:32 PM com.sun.xml.internal.bind.v2.runtime.reflect.opt.OptimizedAccessorFactory get
FEIN: Using optimized Accessor for double ch.ethz.inspire.emod.dd.model.DuctDefinedValues.surface
Apr 21, 2017 3:22:32 PM com.sun.xml.internal.bind.v2.runtime.reflect.opt.OptimizedAccessorFactory get
FEIN: Using optimized Accessor for double ch.ethz.inspire.emod.dd.model.DuctDefinedValues.length
Apr 21, 2017 3:22:32 PM com.sun.xml.internal.bind.v2.runtime.reflect.opt.OptimizedAccessorFactory get
FEIN: Using optimized Accessor for double ch.ethz.inspire.emod.dd.model.DuctDefinedValues.volume
Apr 21, 2017 3:22:32 PM com.sun.xml.internal.bind.v2.runtime.reflect.opt.OptimizedAccessorFactory get
FEIN: Using optimized Accessor for ch.ethz.inspire.emod.dd.Duct ch.ethz.inspire.emod.dd.model.DuctBypass.ductPrimary
Apr 21, 2017 3:22:32 PM com.sun.xml.internal.bind.v2.runtime.reflect.opt.OptimizedAccessorFactory get
FEIN: Using optimized Accessor for ch.ethz.inspire.emod.dd.Duct ch.ethz.inspire.emod.dd.model.DuctBypass.ductSecondary
Apr 21, 2017 3:22:32 PM com.sun.xml.internal.bind.v2.runtime.reflect.opt.OptimizedAccessorFactory get
FEIN: Using optimized Accessor for public ch.ethz.inspire.emod.model.parameters.ParameterSet ch.ethz.inspire.emod.dd.model.DuctBypass.getParameterSet() and public void ch.ethz.inspire.emod.dd.model.DuctBypass.setParameterSet(ch.ethz.inspire.emod.model.parameters.ParameterSet)
Apr 21, 2017 3:22:32 PM com.sun.xml.internal.bind.v2.runtime.reflect.opt.OptimizedAccessorFactory get
FEIN: Using optimized Accessor for public java.lang.String ch.ethz.inspire.emod.model.parameters.ParameterSet.getComment() and public void ch.ethz.inspire.emod.model.parameters.ParameterSet.setComment(java.lang.String)
Apr 21, 2017 3:22:32 PM com.sun.xml.internal.bind.v2.runtime.reflect.opt.OptimizedAccessorFactory get
FEIN: Using optimized Accessor for public java.lang.String ch.ethz.inspire.emod.model.parameters.ParameterSet.getComment() and public void ch.ethz.inspire.emod.model.parameters.ParameterSet.setComment(java.lang.String)
Apr 21, 2017 3:22:32 PM com.sun.xml.internal.bind.v2.runtime.reflect.opt.OptimizedAccessorFactory get
FEIN: Using optimized Accessor for public ch.ethz.inspire.emod.model.parameters.ParameterSet ch.ethz.inspire.emod.dd.model.DuctArc.getParameterSet() and public void ch.ethz.inspire.emod.dd.model.DuctArc.setParameterSet(ch.ethz.inspire.emod.model.parameters.ParameterSet)
Apr 21, 2017 3:22:32 PM com.sun.xml.internal.bind.v2.util.XmlFactory createParserFactory
FEIN: SAXParserFactory instance: com.sun.org.apache.xerces.internal.jaxp.SAXParserFactoryImpl@75c072cb
Apr 21, 2017 3:22:32 PM  
SCHWERWIEGEND: No propertiy 'BearingType' found in 'MachineComponentDB/LinAxis/LinAxis_MoriSeiki_NVM5000_ZAxis.xml'!
Apr 21, 2017 3:22:32 PM javax.xml.bind.ContextFinder find
FEIN: Trying to locate ch/ethz/inspire/emod/dd/jaxb.properties
Apr 21, 2017 3:22:32 PM javax.xml.bind.ContextFinder find
FEIN:   not found
Apr 21, 2017 3:22:32 PM javax.xml.bind.ContextFinder find
FEIN: Checking system property javax.xml.bind.context.factory
Apr 21, 2017 3:22:32 PM javax.xml.bind.ContextFinder find
FEIN:   not found
Apr 21, 2017 3:22:32 PM javax.xml.bind.ContextFinder find
FEIN: Checking system property javax.xml.bind.JAXBContext
Apr 21, 2017 3:22:32 PM javax.xml.bind.ContextFinder find
FEIN:   not found
Apr 21, 2017 3:22:32 PM javax.xml.bind.ContextFinder lookupJaxbContextUsingOsgiServiceLoader
FEIN: Unable to find from OSGi: javax.xml.bind.JAXBContext
Apr 21, 2017 3:22:32 PM javax.xml.bind.ContextFinder find
FEIN: Checking META-INF/services
Apr 21, 2017 3:22:32 PM javax.xml.bind.ContextFinder find
FEIN: Unable to find: META-INF/services/javax.xml.bind.JAXBContext
Apr 21, 2017 3:22:32 PM javax.xml.bind.ContextFinder find
FEIN: Trying to create the platform default provider
Apr 21, 2017 3:22:32 PM javax.xml.bind.ContextFinder safeLoadClass
FEIN: Trying to load com.sun.xml.internal.bind.v2.ContextFactory
Apr 21, 2017 3:22:32 PM javax.xml.bind.ContextFinder newInstance
FEIN: loaded com.sun.xml.internal.bind.v2.ContextFactory from jar:file:/usr/lib/jvm/java-8-openjdk-amd64/jre/lib/rt.jar!/com/sun/xml/internal/bind/v2/ContextFactory.class
Apr 21, 2017 3:22:32 PM com.sun.xml.internal.bind.v2.ContextFactory createContext
FEIN: Property com.sun.xml.internal.bind.XmlAccessorFactoryis not active.  Using JAXB's implementation
Apr 21, 2017 3:22:32 PM com.sun.xml.internal.bind.v2.runtime.reflect.opt.OptimizedAccessorFactory get
FEIN: Using optimized Accessor for protected java.lang.String ch.ethz.inspire.emod.model.material.Material.type
Apr 21, 2017 3:22:32 PM com.sun.xml.internal.bind.v2.runtime.reflect.opt.OptimizedAccessorFactory get
FEIN: Using optimized Accessor for protected java.lang.String ch.ethz.inspire.emod.model.material.Material.type
Apr 21, 2017 3:22:32 PM com.sun.xml.internal.bind.v2.runtime.reflect.opt.OptimizedAccessorFactory get
FEIN: Using optimized Accessor for protected double ch.ethz.inspire.emod.dd.model.ADuctElement.heatSource
Apr 21, 2017 3:22:32 PM com.sun.xml.internal.bind.v2.runtime.reflect.opt.OptimizedAccessorFactory get
FEIN: Using optimized Accessor for protected double ch.ethz.inspire.emod.dd.model.ADuctElement.wallTemperature
Apr 21, 2017 3:22:32 PM com.sun.xml.internal.bind.v2.runtime.reflect.opt.OptimizedAccessorFactory get
FEIN: Using optimized Accessor for public ch.ethz.inspire.emod.dd.model.Isolation ch.ethz.inspire.emod.dd.model.ADuctElement.getIsolation() and public void ch.ethz.inspire.emod.dd.model.ADuctElement.setIsolation(ch.ethz.inspire.emod.dd.model.Isolation)
Apr 21, 2017 3:22:32 PM com.sun.xml.internal.bind.v2.runtime.reflect.opt.OptimizedAccessorFactory get
FEIN: Using optimized Accessor for public java.lang.String ch.ethz.inspire.emod.dd.model.ADuctElement.getName() and public void ch.ethz.inspire.emod.dd.model.ADuctElement.setName(java.lang.String)
Apr 21, 2017 3:22:32 PM com.sun.xml.internal.bind.v2.runtime.reflect.opt.OptimizedAccessorFactory get
FEIN: Using optimized Accessor for public java.lang.String ch.ethz.inspire.emod.dd.model.ADuctElement.getName() and public void ch.ethz.inspire.emod.dd.model.ADuctElement.setName(java.lang.String)
Apr 21, 2017 3:22:32 PM com.sun.xml.internal.bind.v2.runtime.reflect.opt.OptimizedAccessorFactory get
FEIN: Using optimized Accessor for public ch.ethz.inspire.emod.dd.model.AHydraulicProfile ch.ethz.inspire.emod.dd.model.ADuctElement.getProfile() and public void ch.ethz.inspire.emod.dd.model.ADuctElement.setProfile(ch.ethz.inspire.emod.dd.model.AHydraulicProfile)
Apr 21, 2017 3:22:32 PM com.sun.xml.internal.bind.v2.runtime.reflect.opt.OptimizedAccessorFactory get
FEIN: Using optimized Accessor for double ch.ethz.inspire.emod.dd.model.DuctElbowFitting.count
Apr 21, 2017 3:22:32 PM com.sun.xml.internal.bind.v2.runtime.reflect.opt.OptimizedAccessorFactory get
FEIN: Using optimized Accessor for double ch.ethz.inspire.emod.dd.model.DuctFlowAround.radius
Apr 21, 2017 3:22:32 PM com.sun.xml.internal.bind.v2.runtime.reflect.opt.OptimizedAccessorFactory get
FEIN: Using optimized Accessor for double ch.ethz.inspire.emod.dd.model.DuctHelix.radius
Apr 21, 2017 3:22:32 PM com.sun.xml.internal.bind.v2.runtime.reflect.opt.OptimizedAccessorFactory get
FEIN: Using optimized Accessor for double ch.ethz.inspire.emod.dd.model.DuctHelix.height
Apr 21, 2017 3:22:32 PM com.sun.xml.internal.bind.v2.runtime.reflect.opt.OptimizedAccessorFactory get
FEIN: Using optimized Accessor for double ch.ethz.inspire.emod.dd.model.DuctHelix.distance
Apr 21, 2017 3:22:32 PM com.sun.xml.internal.bind.v2.runtime.reflect.opt.OptimizedAccessorFactory get
FEIN: Using optimized Accessor for double ch.ethz.inspire.emod.dd.model.DuctDefinedValues.zeta
Apr 21, 2017 3:22:32 PM com.sun.xml.internal.bind.v2.runtime.reflect.opt.OptimizedAccessorFactory get
FEIN: Using optimized Accessor for double ch.ethz.inspire.emod.dd.model.DuctDefinedValues.alpha
Apr 21, 2017 3:22:32 PM com.sun.xml.internal.bind.v2.runtime.reflect.opt.OptimizedAccessorFactory get
FEIN: Using optimized Accessor for double ch.ethz.inspire.emod.dd.model.DuctDefinedValues.surface
Apr 21, 2017 3:22:32 PM com.sun.xml.internal.bind.v2.runtime.reflect.opt.OptimizedAccessorFactory get
FEIN: Using optimized Accessor for double ch.ethz.inspire.emod.dd.model.DuctDefinedValues.length
Apr 21, 2017 3:22:32 PM com.sun.xml.internal.bind.v2.runtime.reflect.opt.OptimizedAccessorFactory get
FEIN: Using optimized Accessor for double ch.ethz.inspire.emod.dd.model.DuctDefinedValues.volume
Apr 21, 2017 3:22:32 PM com.sun.xml.internal.bind.v2.runtime.reflect.opt.OptimizedAccessorFactory get
FEIN: Using optimized Accessor for ch.ethz.inspire.emod.dd.Duct ch.ethz.inspire.emod.dd.model.DuctBypass.ductPrimary
Apr 21, 2017 3:22:32 PM com.sun.xml.internal.bind.v2.runtime.reflect.opt.OptimizedAccessorFactory get
FEIN: Using optimized Accessor for ch.ethz.inspire.emod.dd.Duct ch.ethz.inspire.emod.dd.model.DuctBypass.ductSecondary
Apr 21, 2017 3:22:32 PM com.sun.xml.internal.bind.v2.runtime.reflect.opt.OptimizedAccessorFactory get
FEIN: Using optimized Accessor for public ch.ethz.inspire.emod.model.parameters.ParameterSet ch.ethz.inspire.emod.dd.model.DuctBypass.getParameterSet() and public void ch.ethz.inspire.emod.dd.model.DuctBypass.setParameterSet(ch.ethz.inspire.emod.model.parameters.ParameterSet)
Apr 21, 2017 3:22:32 PM com.sun.xml.internal.bind.v2.runtime.reflect.opt.OptimizedAccessorFactory get
FEIN: Using optimized Accessor for public java.lang.String ch.ethz.inspire.emod.model.parameters.ParameterSet.getComment() and public void ch.ethz.inspire.emod.model.parameters.ParameterSet.setComment(java.lang.String)
Apr 21, 2017 3:22:32 PM com.sun.xml.internal.bind.v2.runtime.reflect.opt.OptimizedAccessorFactory get
FEIN: Using optimized Accessor for public java.lang.String ch.ethz.inspire.emod.model.parameters.ParameterSet.getComment() and public void ch.ethz.inspire.emod.model.parameters.ParameterSet.setComment(java.lang.String)
Apr 21, 2017 3:22:32 PM com.sun.xml.internal.bind.v2.runtime.reflect.opt.OptimizedAccessorFactory get
FEIN: Using optimized Accessor for public ch.ethz.inspire.emod.model.parameters.ParameterSet ch.ethz.inspire.emod.dd.model.DuctArc.getParameterSet() and public void ch.ethz.inspire.emod.dd.model.DuctArc.setParameterSet(ch.ethz.inspire.emod.model.parameters.ParameterSet)
Apr 21, 2017 3:22:32 PM com.sun.xml.internal.bind.v2.util.XmlFactory createParserFactory
FEIN: SAXParserFactory instance: com.sun.org.apache.xerces.internal.jaxp.SAXParserFactoryImpl@3b2da18f
Apr 21, 2017 3:22:32 PM  
SCHWERWIEGEND: No propertiy 'BearingType' found in 'MachineComponentDB/LinAxis/LinAxis_MoriSeiki_NVM5000_ZAxis.xml'!
Apr 21, 2017 3:22:32 PM javax.xml.bind.ContextFinder find
FEIN: Trying to locate ch/ethz/inspire/emod/dd/jaxb.properties
Apr 21, 2017 3:22:32 PM javax.xml.bind.ContextFinder find
FEIN:   not found
Apr 21, 2017 3:22:32 PM javax.xml.bind.ContextFinder find
FEIN: Checking system property javax.xml.bind.context.factory
Apr 21, 2017 3:22:32 PM javax.xml.bind.ContextFinder find
FEIN:   not found
Apr 21, 2017 3:22:32 PM javax.xml.bind.ContextFinder find
FEIN: Checking system property javax.xml.bind.JAXBContext
Apr 21, 2017 3:22:32 PM javax.xml.bind.ContextFinder find
FEIN:   not found
Apr 21, 2017 3:22:32 PM javax.xml.bind.ContextFinder lookupJaxbContextUsingOsgiServiceLoader
FEIN: Unable to find from OSGi: javax.xml.bind.JAXBContext
Apr 21, 2017 3:22:32 PM javax.xml.bind.ContextFinder find
FEIN: Checking META-INF/services
Apr 21, 2017 3:22:32 PM javax.xml.bind.ContextFinder find
FEIN: Unable to find: META-INF/services/javax.xml.bind.JAXBContext
Apr 21, 2017 3:22:32 PM javax.xml.bind.ContextFinder find
FEIN: Trying to create the platform default provider
Apr 21, 2017 3:22:32 PM javax.xml.bind.ContextFinder safeLoadClass
FEIN: Trying to load com.sun.xml.internal.bind.v2.ContextFactory
Apr 21, 2017 3:22:32 PM javax.xml.bind.ContextFinder newInstance
FEIN: loaded com.sun.xml.internal.bind.v2.ContextFactory from jar:file:/usr/lib/jvm/java-8-openjdk-amd64/jre/lib/rt.jar!/com/sun/xml/internal/bind/v2/ContextFactory.class
Apr 21, 2017 3:22:32 PM com.sun.xml.internal.bind.v2.ContextFactory createContext
FEIN: Property com.sun.xml.internal.bind.XmlAccessorFactoryis not active.  Using JAXB's implementation
Apr 21, 2017 3:22:32 PM com.sun.xml.internal.bind.v2.runtime.reflect.opt.OptimizedAccessorFactory get
FEIN: Using optimized Accessor for protected java.lang.String ch.ethz.inspire.emod.model.material.Material.type
Apr 21, 2017 3:22:32 PM com.sun.xml.internal.bind.v2.runtime.reflect.opt.OptimizedAccessorFactory get
FEIN: Using optimized Accessor for protected java.lang.String ch.ethz.inspire.emod.model.material.Material.type
Apr 21, 2017 3:22:32 PM com.sun.xml.internal.bind.v2.runtime.reflect.opt.OptimizedAccessorFactory get
FEIN: Using optimized Accessor for protected double ch.ethz.inspire.emod.dd.model.ADuctElement.heatSource
Apr 21, 2017 3:22:32 PM com.sun.xml.internal.bind.v2.runtime.reflect.opt.OptimizedAccessorFactory get
FEIN: Using optimized Accessor for protected double ch.ethz.inspire.emod.dd.model.ADuctElement.wallTemperature
Apr 21, 2017 3:22:32 PM com.sun.xml.internal.bind.v2.runtime.reflect.opt.OptimizedAccessorFactory get
FEIN: Using optimized Accessor for public ch.ethz.inspire.emod.dd.model.Isolation ch.ethz.inspire.emod.dd.model.ADuctElement.getIsolation() and public void ch.ethz.inspire.emod.dd.model.ADuctElement.setIsolation(ch.ethz.inspire.emod.dd.model.Isolation)
Apr 21, 2017 3:22:32 PM com.sun.xml.internal.bind.v2.runtime.reflect.opt.OptimizedAccessorFactory get
FEIN: Using optimized Accessor for public java.lang.String ch.ethz.inspire.emod.dd.model.ADuctElement.getName() and public void ch.ethz.inspire.emod.dd.model.ADuctElement.setName(java.lang.String)
Apr 21, 2017 3:22:32 PM com.sun.xml.internal.bind.v2.runtime.reflect.opt.OptimizedAccessorFactory get
FEIN: Using optimized Accessor for public java.lang.String ch.ethz.inspire.emod.dd.model.ADuctElement.getName() and public void ch.ethz.inspire.emod.dd.model.ADuctElement.setName(java.lang.String)
Apr 21, 2017 3:22:32 PM com.sun.xml.internal.bind.v2.runtime.reflect.opt.OptimizedAccessorFactory get
FEIN: Using optimized Accessor for public ch.ethz.inspire.emod.dd.model.AHydraulicProfile ch.ethz.inspire.emod.dd.model.ADuctElement.getProfile() and public void ch.ethz.inspire.emod.dd.model.ADuctElement.setProfile(ch.ethz.inspire.emod.dd.model.AHydraulicProfile)
Apr 21, 2017 3:22:32 PM com.sun.xml.internal.bind.v2.runtime.reflect.opt.OptimizedAccessorFactory get
FEIN: Using optimized Accessor for double ch.ethz.inspire.emod.dd.model.DuctElbowFitting.count
Apr 21, 2017 3:22:32 PM com.sun.xml.internal.bind.v2.runtime.reflect.opt.OptimizedAccessorFactory get
FEIN: Using optimized Accessor for double ch.ethz.inspire.emod.dd.model.DuctFlowAround.radius
Apr 21, 2017 3:22:32 PM com.sun.xml.internal.bind.v2.runtime.reflect.opt.OptimizedAccessorFactory get
FEIN: Using optimized Accessor for double ch.ethz.inspire.emod.dd.model.DuctHelix.radius
Apr 21, 2017 3:22:32 PM com.sun.xml.internal.bind.v2.runtime.reflect.opt.OptimizedAccessorFactory get
FEIN: Using optimized Accessor for double ch.ethz.inspire.emod.dd.model.DuctHelix.height
Apr 21, 2017 3:22:32 PM com.sun.xml.internal.bind.v2.runtime.reflect.opt.OptimizedAccessorFactory get
FEIN: Using optimized Accessor for double ch.ethz.inspire.emod.dd.model.DuctHelix.distance
Apr 21, 2017 3:22:32 PM com.sun.xml.internal.bind.v2.runtime.reflect.opt.OptimizedAccessorFactory get
FEIN: Using optimized Accessor for double ch.ethz.inspire.emod.dd.model.DuctDefinedValues.zeta
Apr 21, 2017 3:22:32 PM com.sun.xml.internal.bind.v2.runtime.reflect.opt.OptimizedAccessorFactory get
FEIN: Using optimized Accessor for double ch.ethz.inspire.emod.dd.model.DuctDefinedValues.alpha
Apr 21, 2017 3:22:32 PM com.sun.xml.internal.bind.v2.runtime.reflect.opt.OptimizedAccessorFactory get
FEIN: Using optimized Accessor for double ch.ethz.inspire.emod.dd.model.DuctDefinedValues.surface
Apr 21, 2017 3:22:32 PM com.sun.xml.internal.bind.v2.runtime.reflect.opt.OptimizedAccessorFactory get
FEIN: Using optimized Accessor for double ch.ethz.inspire.emod.dd.model.DuctDefinedValues.length
Apr 21, 2017 3:22:32 PM com.sun.xml.internal.bind.v2.runtime.reflect.opt.OptimizedAccessorFactory get
FEIN: Using optimized Accessor for double ch.ethz.inspire.emod.dd.model.DuctDefinedValues.volume
Apr 21, 2017 3:22:32 PM com.sun.xml.internal.bind.v2.runtime.reflect.opt.OptimizedAccessorFactory get
FEIN: Using optimized Accessor for ch.ethz.inspire.emod.dd.Duct ch.ethz.inspire.emod.dd.model.DuctBypass.ductPrimary
Apr 21, 2017 3:22:32 PM com.sun.xml.internal.bind.v2.runtime.reflect.opt.OptimizedAccessorFactory get
FEIN: Using optimized Accessor for ch.ethz.inspire.emod.dd.Duct ch.ethz.inspire.emod.dd.model.DuctBypass.ductSecondary
Apr 21, 2017 3:22:32 PM com.sun.xml.internal.bind.v2.runtime.reflect.opt.OptimizedAccessorFactory get
FEIN: Using optimized Accessor for public ch.ethz.inspire.emod.model.parameters.ParameterSet ch.ethz.inspire.emod.dd.model.DuctBypass.getParameterSet() and public void ch.ethz.inspire.emod.dd.model.DuctBypass.setParameterSet(ch.ethz.inspire.emod.model.parameters.ParameterSet)
Apr 21, 2017 3:22:32 PM com.sun.xml.internal.bind.v2.runtime.reflect.opt.OptimizedAccessorFactory get
FEIN: Using optimized Accessor for public java.lang.String ch.ethz.inspire.emod.model.parameters.ParameterSet.getComment() and public void ch.ethz.inspire.emod.model.parameters.ParameterSet.setComment(java.lang.String)
Apr 21, 2017 3:22:32 PM com.sun.xml.internal.bind.v2.runtime.reflect.opt.OptimizedAccessorFactory get
FEIN: Using optimized Accessor for public java.lang.String ch.ethz.inspire.emod.model.parameters.ParameterSet.getComment() and public void ch.ethz.inspire.emod.model.parameters.ParameterSet.setComment(java.lang.String)
Apr 21, 2017 3:22:32 PM com.sun.xml.internal.bind.v2.runtime.reflect.opt.OptimizedAccessorFactory get
FEIN: Using optimized Accessor for public ch.ethz.inspire.emod.model.parameters.ParameterSet ch.ethz.inspire.emod.dd.model.DuctArc.getParameterSet() and public void ch.ethz.inspire.emod.dd.model.DuctArc.setParameterSet(ch.ethz.inspire.emod.model.parameters.ParameterSet)
Apr 21, 2017 3:22:32 PM com.sun.xml.internal.bind.v2.util.XmlFactory createParserFactory
FEIN: SAXParserFactory instance: com.sun.org.apache.xerces.internal.jaxp.SAXParserFactoryImpl@a4102b8
Apr 21, 2017 3:22:32 PM javax.xml.bind.ContextFinder find
FEIN: Trying to locate ch/ethz/inspire/emod/dd/jaxb.properties
Apr 21, 2017 3:22:32 PM javax.xml.bind.ContextFinder find
FEIN:   not found
Apr 21, 2017 3:22:32 PM javax.xml.bind.ContextFinder find
FEIN: Checking system property javax.xml.bind.context.factory
Apr 21, 2017 3:22:32 PM javax.xml.bind.ContextFinder find
FEIN:   not found
Apr 21, 2017 3:22:32 PM javax.xml.bind.ContextFinder find
FEIN: Checking system property javax.xml.bind.JAXBContext
Apr 21, 2017 3:22:32 PM javax.xml.bind.ContextFinder find
FEIN:   not found
Apr 21, 2017 3:22:32 PM javax.xml.bind.ContextFinder lookupJaxbContextUsingOsgiServiceLoader
FEIN: Unable to find from OSGi: javax.xml.bind.JAXBContext
Apr 21, 2017 3:22:32 PM javax.xml.bind.ContextFinder find
FEIN: Checking META-INF/services
Apr 21, 2017 3:22:32 PM javax.xml.bind.ContextFinder find
FEIN: Unable to find: META-INF/services/javax.xml.bind.JAXBContext
Apr 21, 2017 3:22:32 PM javax.xml.bind.ContextFinder find
FEIN: Trying to create the platform default provider
Apr 21, 2017 3:22:32 PM javax.xml.bind.ContextFinder safeLoadClass
FEIN: Trying to load com.sun.xml.internal.bind.v2.ContextFactory
Apr 21, 2017 3:22:32 PM javax.xml.bind.ContextFinder newInstance
FEIN: loaded com.sun.xml.internal.bind.v2.ContextFactory from jar:file:/usr/lib/jvm/java-8-openjdk-amd64/jre/lib/rt.jar!/com/sun/xml/internal/bind/v2/ContextFactory.class
Apr 21, 2017 3:22:32 PM com.sun.xml.internal.bind.v2.ContextFactory createContext
FEIN: Property com.sun.xml.internal.bind.XmlAccessorFactoryis not active.  Using JAXB's implementation
Apr 21, 2017 3:22:32 PM com.sun.xml.internal.bind.v2.runtime.reflect.opt.OptimizedAccessorFactory get
FEIN: Using optimized Accessor for protected java.lang.String ch.ethz.inspire.emod.model.material.Material.type
Apr 21, 2017 3:22:32 PM com.sun.xml.internal.bind.v2.runtime.reflect.opt.OptimizedAccessorFactory get
FEIN: Using optimized Accessor for protected java.lang.String ch.ethz.inspire.emod.model.material.Material.type
Apr 21, 2017 3:22:32 PM com.sun.xml.internal.bind.v2.runtime.reflect.opt.OptimizedAccessorFactory get
FEIN: Using optimized Accessor for protected double ch.ethz.inspire.emod.dd.model.ADuctElement.heatSource
Apr 21, 2017 3:22:32 PM com.sun.xml.internal.bind.v2.runtime.reflect.opt.OptimizedAccessorFactory get
FEIN: Using optimized Accessor for protected double ch.ethz.inspire.emod.dd.model.ADuctElement.wallTemperature
Apr 21, 2017 3:22:32 PM com.sun.xml.internal.bind.v2.runtime.reflect.opt.OptimizedAccessorFactory get
FEIN: Using optimized Accessor for public ch.ethz.inspire.emod.dd.model.Isolation ch.ethz.inspire.emod.dd.model.ADuctElement.getIsolation() and public void ch.ethz.inspire.emod.dd.model.ADuctElement.setIsolation(ch.ethz.inspire.emod.dd.model.Isolation)
Apr 21, 2017 3:22:32 PM com.sun.xml.internal.bind.v2.runtime.reflect.opt.OptimizedAccessorFactory get
FEIN: Using optimized Accessor for public java.lang.String ch.ethz.inspire.emod.dd.model.ADuctElement.getName() and public void ch.ethz.inspire.emod.dd.model.ADuctElement.setName(java.lang.String)
Apr 21, 2017 3:22:32 PM com.sun.xml.internal.bind.v2.runtime.reflect.opt.OptimizedAccessorFactory get
FEIN: Using optimized Accessor for public java.lang.String ch.ethz.inspire.emod.dd.model.ADuctElement.getName() and public void ch.ethz.inspire.emod.dd.model.ADuctElement.setName(java.lang.String)
Apr 21, 2017 3:22:32 PM com.sun.xml.internal.bind.v2.runtime.reflect.opt.OptimizedAccessorFactory get
FEIN: Using optimized Accessor for public ch.ethz.inspire.emod.dd.model.AHydraulicProfile ch.ethz.inspire.emod.dd.model.ADuctElement.getProfile() and public void ch.ethz.inspire.emod.dd.model.ADuctElement.setProfile(ch.ethz.inspire.emod.dd.model.AHydraulicProfile)
Apr 21, 2017 3:22:32 PM com.sun.xml.internal.bind.v2.runtime.reflect.opt.OptimizedAccessorFactory get
FEIN: Using optimized Accessor for double ch.ethz.inspire.emod.dd.model.DuctElbowFitting.count
Apr 21, 2017 3:22:32 PM com.sun.xml.internal.bind.v2.runtime.reflect.opt.OptimizedAccessorFactory get
FEIN: Using optimized Accessor for double ch.ethz.inspire.emod.dd.model.DuctFlowAround.radius
Apr 21, 2017 3:22:32 PM com.sun.xml.internal.bind.v2.runtime.reflect.opt.OptimizedAccessorFactory get
FEIN: Using optimized Accessor for double ch.ethz.inspire.emod.dd.model.DuctHelix.radius
Apr 21, 2017 3:22:32 PM com.sun.xml.internal.bind.v2.runtime.reflect.opt.OptimizedAccessorFactory get
FEIN: Using optimized Accessor for double ch.ethz.inspire.emod.dd.model.DuctHelix.height
Apr 21, 2017 3:22:32 PM com.sun.xml.internal.bind.v2.runtime.reflect.opt.OptimizedAccessorFactory get
FEIN: Using optimized Accessor for double ch.ethz.inspire.emod.dd.model.DuctHelix.distance
Apr 21, 2017 3:22:32 PM com.sun.xml.internal.bind.v2.runtime.reflect.opt.OptimizedAccessorFactory get
FEIN: Using optimized Accessor for double ch.ethz.inspire.emod.dd.model.DuctDefinedValues.zeta
Apr 21, 2017 3:22:32 PM com.sun.xml.internal.bind.v2.runtime.reflect.opt.OptimizedAccessorFactory get
FEIN: Using optimized Accessor for double ch.ethz.inspire.emod.dd.model.DuctDefinedValues.alpha
Apr 21, 2017 3:22:32 PM com.sun.xml.internal.bind.v2.runtime.reflect.opt.OptimizedAccessorFactory get
FEIN: Using optimized Accessor for double ch.ethz.inspire.emod.dd.model.DuctDefinedValues.surface
Apr 21, 2017 3:22:32 PM com.sun.xml.internal.bind.v2.runtime.reflect.opt.OptimizedAccessorFactory get
FEIN: Using optimized Accessor for double ch.ethz.inspire.emod.dd.model.DuctDefinedValues.length
Apr 21, 2017 3:22:32 PM com.sun.xml.internal.bind.v2.runtime.reflect.opt.OptimizedAccessorFactory get
FEIN: Using optimized Accessor for double ch.ethz.inspire.emod.dd.model.DuctDefinedValues.volume
Apr 21, 2017 3:22:32 PM com.sun.xml.internal.bind.v2.runtime.reflect.opt.OptimizedAccessorFactory get
FEIN: Using optimized Accessor for ch.ethz.inspire.emod.dd.Duct ch.ethz.inspire.emod.dd.model.DuctBypass.ductPrimary
Apr 21, 2017 3:22:32 PM com.sun.xml.internal.bind.v2.runtime.reflect.opt.OptimizedAccessorFactory get
FEIN: Using optimized Accessor for ch.ethz.inspire.emod.dd.Duct ch.ethz.inspire.emod.dd.model.DuctBypass.ductSecondary
Apr 21, 2017 3:22:32 PM com.sun.xml.internal.bind.v2.runtime.reflect.opt.OptimizedAccessorFactory get
FEIN: Using optimized Accessor for public ch.ethz.inspire.emod.model.parameters.ParameterSet ch.ethz.inspire.emod.dd.model.DuctBypass.getParameterSet() and public void ch.ethz.inspire.emod.dd.model.DuctBypass.setParameterSet(ch.ethz.inspire.emod.model.parameters.ParameterSet)
Apr 21, 2017 3:22:32 PM com.sun.xml.internal.bind.v2.runtime.reflect.opt.OptimizedAccessorFactory get
FEIN: Using optimized Accessor for public java.lang.String ch.ethz.inspire.emod.model.parameters.ParameterSet.getComment() and public void ch.ethz.inspire.emod.model.parameters.ParameterSet.setComment(java.lang.String)
Apr 21, 2017 3:22:32 PM com.sun.xml.internal.bind.v2.runtime.reflect.opt.OptimizedAccessorFactory get
FEIN: Using optimized Accessor for public java.lang.String ch.ethz.inspire.emod.model.parameters.ParameterSet.getComment() and public void ch.ethz.inspire.emod.model.parameters.ParameterSet.setComment(java.lang.String)
Apr 21, 2017 3:22:32 PM com.sun.xml.internal.bind.v2.runtime.reflect.opt.OptimizedAccessorFactory get
FEIN: Using optimized Accessor for public ch.ethz.inspire.emod.model.parameters.ParameterSet ch.ethz.inspire.emod.dd.model.DuctArc.getParameterSet() and public void ch.ethz.inspire.emod.dd.model.DuctArc.setParameterSet(ch.ethz.inspire.emod.model.parameters.ParameterSet)
Apr 21, 2017 3:22:32 PM com.sun.xml.internal.bind.v2.util.XmlFactory createParserFactory
FEIN: SAXParserFactory instance: com.sun.org.apache.xerces.internal.jaxp.SAXParserFactoryImpl@23986957
Apr 21, 2017 3:22:32 PM javax.xml.bind.ContextFinder find
FEIN: Trying to locate ch/ethz/inspire/emod/dd/jaxb.properties
Apr 21, 2017 3:22:32 PM javax.xml.bind.ContextFinder find
FEIN:   not found
Apr 21, 2017 3:22:32 PM javax.xml.bind.ContextFinder find
FEIN: Checking system property javax.xml.bind.context.factory
Apr 21, 2017 3:22:32 PM javax.xml.bind.ContextFinder find
FEIN:   not found
Apr 21, 2017 3:22:32 PM javax.xml.bind.ContextFinder find
FEIN: Checking system property javax.xml.bind.JAXBContext
Apr 21, 2017 3:22:32 PM javax.xml.bind.ContextFinder find
FEIN:   not found
Apr 21, 2017 3:22:32 PM javax.xml.bind.ContextFinder lookupJaxbContextUsingOsgiServiceLoader
FEIN: Unable to find from OSGi: javax.xml.bind.JAXBContext
Apr 21, 2017 3:22:32 PM javax.xml.bind.ContextFinder find
FEIN: Checking META-INF/services
Apr 21, 2017 3:22:32 PM javax.xml.bind.ContextFinder find
FEIN: Unable to find: META-INF/services/javax.xml.bind.JAXBContext
Apr 21, 2017 3:22:32 PM javax.xml.bind.ContextFinder find
FEIN: Trying to create the platform default provider
Apr 21, 2017 3:22:32 PM javax.xml.bind.ContextFinder safeLoadClass
FEIN: Trying to load com.sun.xml.internal.bind.v2.ContextFactory
Apr 21, 2017 3:22:32 PM javax.xml.bind.ContextFinder newInstance
FEIN: loaded com.sun.xml.internal.bind.v2.ContextFactory from jar:file:/usr/lib/jvm/java-8-openjdk-amd64/jre/lib/rt.jar!/com/sun/xml/internal/bind/v2/ContextFactory.class
Apr 21, 2017 3:22:32 PM com.sun.xml.internal.bind.v2.ContextFactory createContext
FEIN: Property com.sun.xml.internal.bind.XmlAccessorFactoryis not active.  Using JAXB's implementation
Apr 21, 2017 3:22:32 PM com.sun.xml.internal.bind.v2.runtime.reflect.opt.OptimizedAccessorFactory get
FEIN: Using optimized Accessor for protected java.lang.String ch.ethz.inspire.emod.model.material.Material.type
Apr 21, 2017 3:22:32 PM com.sun.xml.internal.bind.v2.runtime.reflect.opt.OptimizedAccessorFactory get
FEIN: Using optimized Accessor for protected java.lang.String ch.ethz.inspire.emod.model.material.Material.type
Apr 21, 2017 3:22:32 PM com.sun.xml.internal.bind.v2.runtime.reflect.opt.OptimizedAccessorFactory get
FEIN: Using optimized Accessor for protected double ch.ethz.inspire.emod.dd.model.ADuctElement.heatSource
Apr 21, 2017 3:22:32 PM com.sun.xml.internal.bind.v2.runtime.reflect.opt.OptimizedAccessorFactory get
FEIN: Using optimized Accessor for protected double ch.ethz.inspire.emod.dd.model.ADuctElement.wallTemperature
Apr 21, 2017 3:22:32 PM com.sun.xml.internal.bind.v2.runtime.reflect.opt.OptimizedAccessorFactory get
FEIN: Using optimized Accessor for public ch.ethz.inspire.emod.dd.model.Isolation ch.ethz.inspire.emod.dd.model.ADuctElement.getIsolation() and public void ch.ethz.inspire.emod.dd.model.ADuctElement.setIsolation(ch.ethz.inspire.emod.dd.model.Isolation)
Apr 21, 2017 3:22:32 PM com.sun.xml.internal.bind.v2.runtime.reflect.opt.OptimizedAccessorFactory get
FEIN: Using optimized Accessor for public java.lang.String ch.ethz.inspire.emod.dd.model.ADuctElement.getName() and public void ch.ethz.inspire.emod.dd.model.ADuctElement.setName(java.lang.String)
Apr 21, 2017 3:22:32 PM com.sun.xml.internal.bind.v2.runtime.reflect.opt.OptimizedAccessorFactory get
FEIN: Using optimized Accessor for public java.lang.String ch.ethz.inspire.emod.dd.model.ADuctElement.getName() and public void ch.ethz.inspire.emod.dd.model.ADuctElement.setName(java.lang.String)
Apr 21, 2017 3:22:32 PM com.sun.xml.internal.bind.v2.runtime.reflect.opt.OptimizedAccessorFactory get
FEIN: Using optimized Accessor for public ch.ethz.inspire.emod.dd.model.AHydraulicProfile ch.ethz.inspire.emod.dd.model.ADuctElement.getProfile() and public void ch.ethz.inspire.emod.dd.model.ADuctElement.setProfile(ch.ethz.inspire.emod.dd.model.AHydraulicProfile)
Apr 21, 2017 3:22:32 PM com.sun.xml.internal.bind.v2.runtime.reflect.opt.OptimizedAccessorFactory get
FEIN: Using optimized Accessor for double ch.ethz.inspire.emod.dd.model.DuctElbowFitting.count
Apr 21, 2017 3:22:32 PM com.sun.xml.internal.bind.v2.runtime.reflect.opt.OptimizedAccessorFactory get
FEIN: Using optimized Accessor for double ch.ethz.inspire.emod.dd.model.DuctFlowAround.radius
Apr 21, 2017 3:22:32 PM com.sun.xml.internal.bind.v2.runtime.reflect.opt.OptimizedAccessorFactory get
FEIN: Using optimized Accessor for double ch.ethz.inspire.emod.dd.model.DuctHelix.radius
Apr 21, 2017 3:22:32 PM com.sun.xml.internal.bind.v2.runtime.reflect.opt.OptimizedAccessorFactory get
FEIN: Using optimized Accessor for double ch.ethz.inspire.emod.dd.model.DuctHelix.height
Apr 21, 2017 3:22:32 PM com.sun.xml.internal.bind.v2.runtime.reflect.opt.OptimizedAccessorFactory get
FEIN: Using optimized Accessor for double ch.ethz.inspire.emod.dd.model.DuctHelix.distance
Apr 21, 2017 3:22:32 PM com.sun.xml.internal.bind.v2.runtime.reflect.opt.OptimizedAccessorFactory get
FEIN: Using optimized Accessor for double ch.ethz.inspire.emod.dd.model.DuctDefinedValues.zeta
Apr 21, 2017 3:22:32 PM com.sun.xml.internal.bind.v2.runtime.reflect.opt.OptimizedAccessorFactory get
FEIN: Using optimized Accessor for double ch.ethz.inspire.emod.dd.model.DuctDefinedValues.alpha
Apr 21, 2017 3:22:32 PM com.sun.xml.internal.bind.v2.runtime.reflect.opt.OptimizedAccessorFactory get
FEIN: Using optimized Accessor for double ch.ethz.inspire.emod.dd.model.DuctDefinedValues.surface
Apr 21, 2017 3:22:32 PM com.sun.xml.internal.bind.v2.runtime.reflect.opt.OptimizedAccessorFactory get
FEIN: Using optimized Accessor for double ch.ethz.inspire.emod.dd.model.DuctDefinedValues.length
Apr 21, 2017 3:22:32 PM com.sun.xml.internal.bind.v2.runtime.reflect.opt.OptimizedAccessorFactory get
FEIN: Using optimized Accessor for double ch.ethz.inspire.emod.dd.model.DuctDefinedValues.volume
Apr 21, 2017 3:22:32 PM com.sun.xml.internal.bind.v2.runtime.reflect.opt.OptimizedAccessorFactory get
FEIN: Using optimized Accessor for ch.ethz.inspire.emod.dd.Duct ch.ethz.inspire.emod.dd.model.DuctBypass.ductPrimary
Apr 21, 2017 3:22:32 PM com.sun.xml.internal.bind.v2.runtime.reflect.opt.OptimizedAccessorFactory get
FEIN: Using optimized Accessor for ch.ethz.inspire.emod.dd.Duct ch.ethz.inspire.emod.dd.model.DuctBypass.ductSecondary
Apr 21, 2017 3:22:32 PM com.sun.xml.internal.bind.v2.runtime.reflect.opt.OptimizedAccessorFactory get
FEIN: Using optimized Accessor for public ch.ethz.inspire.emod.model.parameters.ParameterSet ch.ethz.inspire.emod.dd.model.DuctBypass.getParameterSet() and public void ch.ethz.inspire.emod.dd.model.DuctBypass.setParameterSet(ch.ethz.inspire.emod.model.parameters.ParameterSet)
Apr 21, 2017 3:22:32 PM com.sun.xml.internal.bind.v2.runtime.reflect.opt.OptimizedAccessorFactory get
FEIN: Using optimized Accessor for public java.lang.String ch.ethz.inspire.emod.model.parameters.ParameterSet.getComment() and public void ch.ethz.inspire.emod.model.parameters.ParameterSet.setComment(java.lang.String)
Apr 21, 2017 3:22:32 PM com.sun.xml.internal.bind.v2.runtime.reflect.opt.OptimizedAccessorFactory get
FEIN: Using optimized Accessor for public java.lang.String ch.ethz.inspire.emod.model.parameters.ParameterSet.getComment() and public void ch.ethz.inspire.emod.model.parameters.ParameterSet.setComment(java.lang.String)
Apr 21, 2017 3:22:32 PM com.sun.xml.internal.bind.v2.runtime.reflect.opt.OptimizedAccessorFactory get
FEIN: Using optimized Accessor for public ch.ethz.inspire.emod.model.parameters.ParameterSet ch.ethz.inspire.emod.dd.model.DuctArc.getParameterSet() and public void ch.ethz.inspire.emod.dd.model.DuctArc.setParameterSet(ch.ethz.inspire.emod.model.parameters.ParameterSet)
Apr 21, 2017 3:22:32 PM com.sun.xml.internal.bind.v2.util.XmlFactory createParserFactory
FEIN: SAXParserFactory instance: com.sun.org.apache.xerces.internal.jaxp.SAXParserFactoryImpl@2f177a4b
Apr 21, 2017 3:22:32 PM  
INFORMATION: no property 'Volume', checking for 'Length'/'Depth'/'Height':
Apr 21, 2017 3:22:32 PM ch.ethz.inspire.emod.simulation.ASimulationControl readConfig
DEBUG: reading state mapping for: StaticSimulationControl_Ctrl_Kühlung
Apr 21, 2017 3:22:32 PM ch.ethz.inspire.emod.simulation.StaticSimulationControl readSamplesFromFile
DEBUG: reading samples for: StaticSimulationControl_Ctrl_Kühlung
Apr 21, 2017 3:22:32 PM ch.ethz.inspire.emod.simulation.ASimulationControl readConfig
DEBUG: reading state mapping for: StaticSimulationControl_Ctrl_CNC
Apr 21, 2017 3:22:32 PM ch.ethz.inspire.emod.simulation.StaticSimulationControl readSamplesFromFile
DEBUG: reading samples for: StaticSimulationControl_Ctrl_CNC
Apr 21, 2017 3:22:32 PM ch.ethz.inspire.emod.simulation.ASimulationControl readConfig
DEBUG: reading state mapping for: ProcessSimulationControl_Proc_XAchse
Apr 21, 2017 3:22:32 PM ch.ethz.inspire.emod.simulation.ASimulationControl readConfig
DEBUG: reading state mapping for: ProcessSimulationControl_Proc_BAchse
Apr 21, 2017 3:22:32 PM ch.ethz.inspire.emod.simulation.ASimulationControl readConfig
DEBUG: reading state mapping for: StaticSimulationControl_Ctrl_Achsen
Apr 21, 2017 3:22:32 PM ch.ethz.inspire.emod.simulation.StaticSimulationControl readSamplesFromFile
DEBUG: reading samples for: StaticSimulationControl_Ctrl_Achsen
Apr 21, 2017 3:22:32 PM ch.ethz.inspire.emod.simulation.ASimulationControl readConfig
DEBUG: reading state mapping for: ProcessSimulationControl_Proc_Spindel
Apr 21, 2017 3:22:32 PM ch.ethz.inspire.emod.simulation.ASimulationControl readConfig
DEBUG: reading state mapping for: StaticSimulationControl_Ctrl_Hydraulics
Apr 21, 2017 3:22:32 PM ch.ethz.inspire.emod.simulation.StaticSimulationControl readSamplesFromFile
DEBUG: reading samples for: StaticSimulationControl_Ctrl_Hydraulics
Apr 21, 2017 3:22:32 PM ch.ethz.inspire.emod.simulation.ASimulationControl readConfig
DEBUG: reading state mapping for: StaticSimulationControl_Ctrl_PS
Apr 21, 2017 3:22:32 PM ch.ethz.inspire.emod.simulation.StaticSimulationControl readSamplesFromFile
DEBUG: reading samples for: StaticSimulationControl_Ctrl_PS
Apr 21, 2017 3:22:32 PM ch.ethz.inspire.emod.simulation.ConfigCheckResult loggger
WARNUNG: IOLinking: Input CNCPowerSupply.PDmd is not connected!
Apr 21, 2017 3:22:32 PM ch.ethz.inspire.emod.simulation.ConfigCheckResult loggger
WARNUNG: IOLinking: Input CNCSpindle.PDmd is not connected!
Apr 21, 2017 3:22:32 PM ch.ethz.inspire.emod.simulation.ConfigCheckResult loggger
WARNUNG: IOLinking: Input Spindel.Torque is not connected!
Apr 21, 2017 3:22:32 PM ch.ethz.inspire.emod.simulation.ConfigCheckResult loggger
WARNUNG: IOLinking: Input CNCXAchse.PDmd is not connected!
Apr 21, 2017 3:22:32 PM ch.ethz.inspire.emod.simulation.ConfigCheckResult loggger
WARNUNG: IOLinking: Input CNCYAchse.PDmd is not connected!
Apr 21, 2017 3:22:32 PM ch.ethz.inspire.emod.simulation.ConfigCheckResult loggger
WARNUNG: IOLinking: Input CNCZAchse.PDmd is not connected!
Apr 21, 2017 3:22:32 PM ch.ethz.inspire.emod.simulation.ConfigCheckResult loggger
WARNUNG: IOLinking: Input CNCRotAchsen.PDmd is not connected!
Apr 21, 2017 3:22:32 PM ch.ethz.inspire.emod.simulation.ConfigCheckResult loggger
WARNUNG: IOLinking: Input TankKühlmittel.HeatExchangerOut is not connected!
Apr 21, 2017 3:22:32 PM ch.ethz.inspire.emod.simulation.ConfigCheckResult loggger
WARNUNG: IOLinking: Input TankKühlmittel.HeatFlowIn is not connected!
Apr 21, 2017 3:22:32 PM ch.ethz.inspire.emod.simulation.ConfigCheckResult loggger
WARNUNG: IOLinking: Input TankKühlmittel.FluidIn is not connected!
Apr 21, 2017 3:22:32 PM ch.ethz.inspire.emod.simulation.ConfigCheckResult loggger
WARNUNG: IOLinking: Input TankKühlöl.HeatFlowIn is not connected!
Apr 21, 2017 3:22:32 PM ch.ethz.inspire.emod.simulation.ConfigCheckResult loggger
WARNUNG: IOLinking: Input TankKühlöl.FluidIn is not connected!
Apr 21, 2017 3:22:32 PM ch.ethz.inspire.emod.simulation.ConfigCheckResult loggger
WARNUNG: IOLinking: Input Y1Achse.ProcessForce is not connected!
Apr 21, 2017 3:22:32 PM ch.ethz.inspire.emod.simulation.ConfigCheckResult loggger
WARNUNG: IOLinking: Input Y2Achse.ProcessForce is not connected!
Apr 21, 2017 3:22:32 PM ch.ethz.inspire.emod.simulation.ConfigCheckResult loggger
WARNUNG: IOLinking: Input XAchse.ProcessForce is not connected!
Apr 21, 2017 3:22:32 PM ch.ethz.inspire.emod.simulation.ConfigCheckResult loggger
WARNUNG: IOLinking: Input Z2Achse.ProcessForce is not connected!
Apr 21, 2017 3:22:32 PM ch.ethz.inspire.emod.simulation.ConfigCheckResult loggger
WARNUNG: IOLinking: Input Z1Achse.ProcessForce is not connected!
Apr 21, 2017 3:22:32 PM ch.ethz.inspire.emod.simulation.ConfigCheckResult loggger
WARNUNG: IOLinking: Input CAchse.ProcessTorque is not connected!
Apr 21, 2017 3:22:32 PM ch.ethz.inspire.emod.simulation.ConfigCheckResult loggger
WARNUNG: IOLinking: Input BAchse.ProcessTorque is not connected!
Apr 21, 2017 3:22:32 PM ch.ethz.inspire.emod.simulation.ConfigCheckResult loggger
WARNUNG: IOLinking: Input TankKühlÖlRotachsen.HeatFlowIn is not connected!
Apr 21, 2017 3:22:32 PM ch.ethz.inspire.emod.simulation.ConfigCheckResult loggger
WARNUNG: IOLinking: Input TankKühlÖlRotachsen.FluidIn is not connected!
Apr 21, 2017 3:22:34 PM ch.ethz.inspire.emod.States readStatesFromFile
INFORMATION: Read machine state sequence from file: Temp/MoriSeiki_NMV5000_DCG/SimulationConfig/SimConfig/MachineStateSequence.txt
Apr 21, 2017 3:22:37 PM  
INFORMATION: 0.42557027407653436
