Jun 22, 2017 11:50:54 AM com.sun.xml.internal.bind.v2.runtime.reflect.opt.OptimizedAccessorFactory get
FEIN: Using optimized Accessor for protected java.lang.String ch.ethz.inspire.emod.model.Tank.type
Jun 22, 2017 11:50:54 AM com.sun.xml.internal.bind.v2.runtime.reflect.opt.OptimizedAccessorFactory get
FEIN: Using optimized Accessor for protected java.lang.String ch.ethz.inspire.emod.model.Pump.type
Jun 22, 2017 11:50:54 AM com.sun.xml.internal.bind.v2.runtime.reflect.opt.OptimizedAccessorFactory get
FEIN: Using optimized Accessor for protected java.lang.String ch.ethz.inspire.emod.model.Pump.type
Jun 22, 2017 11:50:54 AM com.sun.xml.internal.bind.v2.runtime.reflect.opt.OptimizedAccessorFactory get
FEIN: Using optimized Accessor for protected java.lang.String ch.ethz.inspire.emod.model.ForcedFluidFlow.type
Jun 22, 2017 11:50:54 AM com.sun.xml.internal.bind.v2.runtime.reflect.opt.OptimizedAccessorFactory get
FEIN: Using optimized Accessor for protected java.lang.String ch.ethz.inspire.emod.model.ForcedFluidFlow.type
Jun 22, 2017 11:50:54 AM com.sun.xml.internal.bind.v2.runtime.reflect.opt.OptimizedAccessorFactory get
FEIN: Using optimized Accessor for protected java.lang.String ch.ethz.inspire.emod.model.CooledHeatSource.type
Jun 22, 2017 11:50:54 AM com.sun.xml.internal.bind.v2.runtime.reflect.opt.OptimizedAccessorFactory get
FEIN: Using optimized Accessor for protected java.lang.String ch.ethz.inspire.emod.model.CooledHeatSource.type
Jun 22, 2017 11:50:54 AM com.sun.xml.internal.bind.v2.runtime.reflect.opt.OptimizedAccessorFactory get
FEIN: Using optimized Accessor for protected java.lang.String ch.ethz.inspire.emod.model.control.HysteresisControl.type
Jun 22, 2017 11:50:54 AM com.sun.xml.internal.bind.v2.runtime.reflect.opt.OptimizedAccessorFactory get
FEIN: Using optimized Accessor for protected java.lang.String ch.ethz.inspire.emod.model.control.HysteresisControl.type
Jun 22, 2017 11:50:54 AM com.sun.xml.internal.bind.v2.runtime.reflect.opt.OptimizedAccessorFactory get
FEIN: Using optimized Accessor for protected java.lang.String ch.ethz.inspire.emod.model.control.SwitchControl.signalUnit
Jun 22, 2017 11:50:54 AM com.sun.xml.internal.bind.v2.runtime.reflect.opt.OptimizedAccessorFactory get
FEIN: Using optimized Accessor for protected java.lang.String ch.ethz.inspire.emod.model.control.SwitchControl.signalUnit
Jun 22, 2017 11:50:54 AM com.sun.xml.internal.bind.v2.runtime.reflect.opt.OptimizedAccessorFactory get
FEIN: Using optimized Accessor for protected java.lang.String ch.ethz.inspire.emod.model.control.SwitchControl.controlUnit
Jun 22, 2017 11:50:54 AM com.sun.xml.internal.bind.v2.runtime.reflect.opt.OptimizedAccessorFactory get
FEIN: Using optimized Accessor for protected java.lang.String ch.ethz.inspire.emod.model.control.SwitchControl.controlUnit
Jun 22, 2017 11:50:54 AM com.sun.xml.internal.bind.v2.runtime.reflect.opt.OptimizedAccessorFactory get
FEIN: Using optimized Accessor for protected double ch.ethz.inspire.emod.model.control.SwitchControl.threshold
Jun 22, 2017 11:50:54 AM com.sun.xml.internal.bind.v2.runtime.reflect.opt.OptimizedAccessorFactory get
FEIN: Using optimized Accessor for protected boolean ch.ethz.inspire.emod.model.control.SwitchControl.passHigh
Jun 22, 2017 11:50:54 AM com.sun.xml.internal.bind.v2.runtime.reflect.opt.OptimizedAccessorFactory get
FEIN: Using optimized Accessor for protected java.lang.String ch.ethz.inspire.emod.model.math.Sum.unit
Jun 22, 2017 11:50:54 AM com.sun.xml.internal.bind.v2.runtime.reflect.opt.OptimizedAccessorFactory get
FEIN: Using optimized Accessor for protected java.lang.String ch.ethz.inspire.emod.model.math.Sum.unit
Jun 22, 2017 11:50:54 AM com.sun.xml.internal.bind.v2.runtime.reflect.opt.OptimizedAccessorFactory get
FEIN: Using optimized Accessor for protected java.lang.String ch.ethz.inspire.emod.model.math.Gain.unit
Jun 22, 2017 11:50:54 AM com.sun.xml.internal.bind.v2.runtime.reflect.opt.OptimizedAccessorFactory get
FEIN: Using optimized Accessor for protected java.lang.String ch.ethz.inspire.emod.model.math.Gain.unit
Jun 22, 2017 11:50:54 AM com.sun.xml.internal.bind.v2.runtime.reflect.opt.OptimizedAccessorFactory get
FEIN: Using optimized Accessor for protected double ch.ethz.inspire.emod.model.math.Gain.gain
Jun 22, 2017 11:50:54 AM com.sun.xml.internal.bind.v2.runtime.reflect.opt.OptimizedAccessorFactory get
FEIN: Using optimized Accessor for protected java.lang.String ch.ethz.inspire.emod.model.thermal.HomogStorage.name
Jun 22, 2017 11:50:54 AM com.sun.xml.internal.bind.v2.runtime.reflect.opt.OptimizedAccessorFactory get
FEIN: Using optimized Accessor for protected java.lang.String ch.ethz.inspire.emod.model.thermal.HomogStorage.name
Jun 22, 2017 11:50:54 AM com.sun.xml.internal.bind.v2.runtime.reflect.opt.OptimizedAccessorFactory get
FEIN: Using optimized Accessor for protected java.lang.String ch.ethz.inspire.emod.model.thermal.HomogStorage.type
Jun 22, 2017 11:50:54 AM com.sun.xml.internal.bind.v2.runtime.reflect.opt.OptimizedAccessorFactory get
FEIN: Using optimized Accessor for protected java.lang.String ch.ethz.inspire.emod.model.thermal.HomogStorage.type
Jun 22, 2017 11:50:54 AM com.sun.xml.internal.bind.v2.runtime.reflect.opt.OptimizedAccessorFactory get
FEIN: Using optimized Accessor for protected java.lang.String ch.ethz.inspire.emod.model.thermal.HomogStorage.parentType
Jun 22, 2017 11:50:54 AM com.sun.xml.internal.bind.v2.runtime.reflect.opt.OptimizedAccessorFactory get
FEIN: Using optimized Accessor for protected java.lang.String ch.ethz.inspire.emod.model.thermal.HomogStorage.parentType
Jun 22, 2017 11:50:54 AM com.sun.xml.internal.bind.v2.runtime.reflect.opt.OptimizedAccessorFactory get
FEIN: Using optimized Accessor for protected java.lang.String ch.ethz.inspire.emod.model.thermal.LayerStorage.type
Jun 22, 2017 11:50:54 AM com.sun.xml.internal.bind.v2.runtime.reflect.opt.OptimizedAccessorFactory get
FEIN: Using optimized Accessor for protected java.lang.String ch.ethz.inspire.emod.model.thermal.LayerStorage.type
Jun 22, 2017 11:50:54 AM com.sun.xml.internal.bind.v2.runtime.reflect.opt.OptimizedAccessorFactory get
FEIN: Using optimized Accessor for protected java.lang.String ch.ethz.inspire.emod.model.thermal.LayerStorage.parentType
Jun 22, 2017 11:50:54 AM com.sun.xml.internal.bind.v2.runtime.reflect.opt.OptimizedAccessorFactory get
FEIN: Using optimized Accessor for protected java.lang.String ch.ethz.inspire.emod.model.thermal.LayerStorage.parentType
Jun 22, 2017 11:50:54 AM com.sun.xml.internal.bind.v2.runtime.reflect.opt.OptimizedAccessorFactory get
FEIN: Using optimized Accessor for protected java.lang.String ch.ethz.inspire.emod.model.thermal.ForcedHeatTransfere.type
Jun 22, 2017 11:50:54 AM com.sun.xml.internal.bind.v2.runtime.reflect.opt.OptimizedAccessorFactory get
FEIN: Using optimized Accessor for protected java.lang.String ch.ethz.inspire.emod.model.thermal.ForcedHeatTransfere.type
Jun 22, 2017 11:50:54 AM com.sun.xml.internal.bind.v2.runtime.reflect.opt.OptimizedAccessorFactory get
FEIN: Using optimized Accessor for protected java.lang.String ch.ethz.inspire.emod.model.thermal.ForcedHeatTransfere.parentType
Jun 22, 2017 11:50:54 AM com.sun.xml.internal.bind.v2.runtime.reflect.opt.OptimizedAccessorFactory get
FEIN: Using optimized Accessor for protected java.lang.String ch.ethz.inspire.emod.model.thermal.ForcedHeatTransfere.parentType
Jun 22, 2017 11:50:54 AM com.sun.xml.internal.bind.v2.runtime.reflect.opt.OptimizedAccessorFactory get
FEIN: Using optimized Accessor for protected java.lang.String ch.ethz.inspire.emod.model.thermal.FreeHeatTransfere.type
Jun 22, 2017 11:50:54 AM com.sun.xml.internal.bind.v2.runtime.reflect.opt.OptimizedAccessorFactory get
FEIN: Using optimized Accessor for protected java.lang.String ch.ethz.inspire.emod.model.thermal.FreeHeatTransfere.type
Jun 22, 2017 11:50:54 AM com.sun.xml.internal.bind.v2.runtime.reflect.opt.OptimizedAccessorFactory get
FEIN: Using optimized Accessor for protected java.lang.String ch.ethz.inspire.emod.model.thermal.FreeHeatTransfere.parentType
Jun 22, 2017 11:50:54 AM com.sun.xml.internal.bind.v2.runtime.reflect.opt.OptimizedAccessorFactory get
FEIN: Using optimized Accessor for protected java.lang.String ch.ethz.inspire.emod.model.thermal.FreeHeatTransfere.parentType
Jun 22, 2017 11:50:54 AM ch.ethz.inspire.emod.States saveStatesToFile
INFORMATION: Saving machine state sequence to file: Temp\NewMachine\SimulationConfig\SimConfig1\MachineStateSequence.txt
Jun 22, 2017 11:50:54 AM javax.xml.bind.ContextFinder find
FEIN: Trying to locate ch/ethz/inspire/emod/jaxb.properties
Jun 22, 2017 11:50:54 AM javax.xml.bind.ContextFinder find
FEIN:   not found
Jun 22, 2017 11:50:54 AM javax.xml.bind.ContextFinder find
FEIN: Checking system property javax.xml.bind.context.factory
Jun 22, 2017 11:50:54 AM javax.xml.bind.ContextFinder find
FEIN:   not found
Jun 22, 2017 11:50:54 AM javax.xml.bind.ContextFinder find
FEIN: Checking system property javax.xml.bind.JAXBContext
Jun 22, 2017 11:50:54 AM javax.xml.bind.ContextFinder find
FEIN:   not found
Jun 22, 2017 11:50:54 AM javax.xml.bind.ContextFinder lookupJaxbContextUsingOsgiServiceLoader
FEIN: Unable to find from OSGi: javax.xml.bind.JAXBContext
Jun 22, 2017 11:50:54 AM javax.xml.bind.ContextFinder find
FEIN: Checking META-INF/services
Jun 22, 2017 11:50:54 AM javax.xml.bind.ContextFinder find
FEIN: Unable to find: META-INF/services/javax.xml.bind.JAXBContext
Jun 22, 2017 11:50:54 AM javax.xml.bind.ContextFinder find
FEIN: Trying to create the platform default provider
Jun 22, 2017 11:50:54 AM javax.xml.bind.ContextFinder safeLoadClass
FEIN: Trying to load com.sun.xml.internal.bind.v2.ContextFactory
Jun 22, 2017 11:50:54 AM javax.xml.bind.ContextFinder newInstance
FEIN: loaded com.sun.xml.internal.bind.v2.ContextFactory from jar:file:/C:/Program%20Files/Java/jre1.8.0_121/lib/rt.jar!/com/sun/xml/internal/bind/v2/ContextFactory.class
Jun 22, 2017 11:50:54 AM com.sun.xml.internal.bind.v2.ContextFactory createContext
FEIN: Property com.sun.xml.internal.bind.XmlAccessorFactoryis not active.  Using JAXB's implementation
