#
# A fatal error has been detected by the Java Runtime Environment:
#
#  SIGSEGV (0xb) at pc=0x00007f01902a9c07, pid=8771, tid=139644416005888
#
# JRE version: OpenJDK Runtime Environment (7.0_79-b14) (build 1.7.0_79-b14)
# Java VM: OpenJDK 64-Bit Server VM (24.79-b02 mixed mode linux-amd64 compressed oops)
# Derivative: IcedTea 2.5.6
# Distribution: Ubuntu 14.04 LTS, package 7u79-2.5.6-0ubuntu1.14.04.1
# Problematic frame:
# V  [libjvm.so+0x5e8c07]  java_lang_String::length(oopDesc*) [clone .part.108]+0x37
#
# Failed to write core dump. Core dumps have been disabled. To enable core dumping, try "ulimit -c unlimited" before starting Java again
#
# If you would like to submit a bug report, please include
# instructions on how to reproduce the bug and visit:
#   http://icedtea.classpath.org/bugzilla
#

---------------  T H R E A D  ---------------

Current thread (0x00007f01880b5800):  JavaThread "JDWP Transport Listener: dt_socket" daemon [_thread_in_vm, id=8788, stack(0x00007f017fbf9000,0x00007f017fcfa000)]

siginfo:si_signo=SIGSEGV: si_errno=0, si_code=1 (SEGV_MAPERR), si_addr=0x000000000000000c

Registers:
RAX=0x0000000000000000, RBX=0x0000000000000001, RCX=0x00007f0190ef7320, RDX=0x000000000000000c
RSP=0x00007f017fcf8a10, RBP=0x00007f017fcf8a10, RSI=0x00007f018831c188, RDI=0x00000007d8ac9d68
R8 =0x0000000000000001, R9 =0x00007f0158000078, R10=0x0000000000000000, R11=0x0000000000000206
R12=0x0000000000000000, R13=0x0000000000000000, R14=0x00007f017fcf8b80, R15=0x0000000000000000
RIP=0x00007f01902a9c07, EFLAGS=0x0000000000010246, CSGSFS=0x0000000000000033, ERR=0x0000000000000004
  TRAPNO=0x000000000000000e

Top of Stack: (sp=0x00007f017fcf8a10)
0x00007f017fcf8a10:   00007f017fcf8a40 00007f01902aa6d5
0x00007f017fcf8a20:   00007f017fcf8a60 00007f01880b5800
0x00007f017fcf8a30:   00007f018831c188 00000007d8ac9d68
0x00007f017fcf8a40:   00007f017fcf8ab0 00007f01902bad02
0x00007f017fcf8a50:   00007f01880b59d8 00007f018ee59f00
0x00007f017fcf8a60:   00007f01880b5800 0000000000000000
0x00007f017fcf8a70:   00007f01880b59d8 00007f018831c188
0x00007f017fcf8a80:   00007f017fcf8b50 00007f01880b59d8
0x00007f017fcf8a90:   00007f018ee59f00 00007f018831c188
0x00007f017fcf8aa0:   00007f017fcf8b80 00007f018ee59f00
0x00007f017fcf8ab0:   00007f017fcf8af0 00007f018ec28022
0x00007f017fcf8ac0:   00007f017fcf8b50 0000000000010a00
0x00007f017fcf8ad0:   00007f017fcf8b50 000000000000000a
0x00007f017fcf8ae0:   00007f017fcf8b80 00007f018ee59f00
0x00007f017fcf8af0:   00007f017fcf8d40 00007f018ec30688
0x00007f017fcf8b00:   000047a500000013 00007f0158010a00
0x00007f017fcf8b10:   00007f0150001060 00007f01880acb60
0x00007f017fcf8b20:   00007f0190aa5e28 00007f0150001001
0x00007f017fcf8b30:   000047a500000013 00007f0158010a00
0x00007f017fcf8b40:   00007f0150001060 00007f01880acb78
0x00007f017fcf8b50:   00007f0150001068 000000000000000b
0x00007f017fcf8b60:   000047a500000013 00007f0158010a00
0x00007f017fcf8b70:   00007f0150001060 00007f015800f0e0
0x00007f017fcf8b80:   00007f017fcf8bd0 000000000000012c
0x00007f017fcf8b90:   00007f017fcf8b98 00007f0100000000
0x00007f017fcf8ba0:   00007f017fcf8bd0 0000000000000000
0x00007f017fcf8bb0:   00007f0000000000 000047a500000170
0x00007f017fcf8bc0:   00007f0100008c80 0000000000000000
0x00007f017fcf8bd0:   0000000007000000 0500000032000000
0x00007f017fcf8be0:   00000065756c6176 0000000000435b02
0x00007f017fcf8bf0:   0000000000120000 6804000000420000
0x00007f017fcf8c00:   4901000000687361 0200000000000000 

Instructions: (pc=0x00007f01902a9c07)
0x00007f01902a9be7:   8b 14 07 31 c0 85 d2 74 12 89 d0 48 8d 15 27 a8
0x00007f01902a9bf7:   7d 00 8b 4a 08 48 d3 e0 48 03 02 ba 0c 00 00 00
0x00007f01902a9c07:   8b 04 10 5d c3 0f 1f 40 00 48 8b 04 07 ba 10 00
0x00007f01902a9c17:   00 00 5d 8b 04 10 c3 66 90 55 48 8d 46 10 48 89 

Register to memory mapping:

RAX=0x0000000000000000 is an unknown value
RBX=0x0000000000000001 is an unknown value
RCX=0x00007f0190ef7320: <offset 0x219320> in /lib/x86_64-linux-gnu/libpthread.so.0 at 0x00007f0190cde000
RDX=0x000000000000000c is an unknown value
RSP=0x00007f017fcf8a10 is pointing into the stack for thread: 0x00007f01880b5800
RBP=0x00007f017fcf8a10 is pointing into the stack for thread: 0x00007f01880b5800
RSI=0x00007f018831c188 is a global jni handle
RDI=0x00000007d8ac9d68 is an oop
java.lang.String 
 - klass: 'java/lang/String'
R8 =0x0000000000000001 is an unknown value
R9 =0x00007f0158000078 is an unknown value
R10=0x0000000000000000 is an unknown value
R11=0x0000000000000206 is an unknown value
R12=0x0000000000000000 is an unknown value
R13=0x0000000000000000 is an unknown value
R14=0x00007f017fcf8b80 is pointing into the stack for thread: 0x00007f01880b5800
R15=0x0000000000000000 is an unknown value


Stack: [0x00007f017fbf9000,0x00007f017fcfa000],  sp=0x00007f017fcf8a10,  free space=1022k
Native frames: (J=compiled Java code, j=interpreted, Vv=VM code, C=native code)
V  [libjvm.so+0x5e8c07]  java_lang_String::length(oopDesc*) [clone .part.108]+0x37
V  [libjvm.so+0x5e96d5]  java_lang_String::utf8_length(oopDesc*)+0x95
V  [libjvm.so+0x5f9d02]  jni_GetStringUTFChars+0x72
C  [libjdwp.so+0x9022]
C  [libjdwp.so+0x11688]
C  [libjdwp.so+0x23795]
V  [libjvm.so+0x6aa60b]  JvmtiAgentThread::start_function_wrapper(JavaThread*, Thread*)+0x9b
V  [libjvm.so+0x900f40]  JavaThread::thread_main_inner()+0xf0
V  [libjvm.so+0x9011b1]  JavaThread::run()+0x221
V  [libjvm.so+0x7c4f62]  java_start(Thread*)+0xf2


---------------  P R O C E S S  ---------------

Java Threads: ( => current thread )
  0x00007f01880c0800 JavaThread "Service Thread" daemon [_thread_blocked, id=8797, stack(0x00007f017f6f4000,0x00007f017f7f5000)]
  0x00007f01880be000 JavaThread "C2 CompilerThread1" daemon [_thread_blocked, id=8796, stack(0x00007f017f7f5000,0x00007f017f8f6000)]
  0x00007f01880bb800 JavaThread "C2 CompilerThread0" daemon [_thread_blocked, id=8795, stack(0x00007f017f8f6000,0x00007f017f9f7000)]
  0x00007f0158001000 JavaThread "JDWP Command Reader" daemon [_thread_in_native, id=8792, stack(0x00007f017f9f7000,0x00007f017faf8000)]
  0x00007f01880b9000 JavaThread "JDWP Event Helper Thread" daemon [_thread_blocked, id=8790, stack(0x00007f017faf8000,0x00007f017fbf9000)]
=>0x00007f01880b5800 JavaThread "JDWP Transport Listener: dt_socket" daemon [_thread_in_vm, id=8788, stack(0x00007f017fbf9000,0x00007f017fcfa000)]
  0x00007f01880a8800 JavaThread "Signal Dispatcher" daemon [_thread_blocked, id=8786, stack(0x00007f017feff000,0x00007f0180000000)]
  0x00007f018807e800 JavaThread "Finalizer" daemon [_thread_blocked, id=8785, stack(0x00007f01840f1000,0x00007f01841f2000)]
  0x00007f018807c800 JavaThread "Reference Handler" daemon [_thread_blocked, id=8784, stack(0x00007f01841f2000,0x00007f01842f3000)]
  0x00007f018800c800 JavaThread "main" [_thread_blocked, id=8776, stack(0x00007f01917c9000,0x00007f01918ca000)]

Other Threads:
  0x00007f0188078000 VMThread [stack: 0x00007f01842f3000,0x00007f01843f4000] [id=8783]
  0x00007f01880cb800 WatcherThread [stack: 0x00007f017f5f3000,0x00007f017f6f4000] [id=8798]

VM state:not at safepoint (normal execution)

VM Mutex/Monitor currently owned by a thread: None

Heap
 PSYoungGen      total 67584K, used 26284K [0x00000007d7700000, 0x00000007dfb00000, 0x0000000800000000)
  eden space 62464K, 33% used [0x00000007d7700000,0x00000007d8bae4c0,0x00000007db400000)
  from space 5120K, 99% used [0x00000007db400000,0x00000007db8fcc40,0x00000007db900000)
  to   space 5120K, 0% used [0x00000007df600000,0x00000007df600000,0x00000007dfb00000)
 ParOldGen       total 82944K, used 19326K [0x0000000786600000, 0x000000078b700000, 0x00000007d7700000)
  object space 82944K, 23% used [0x0000000786600000,0x00000007878dfa88,0x000000078b700000)
 PSPermGen       total 21504K, used 13691K [0x000000077c000000, 0x000000077d500000, 0x0000000786600000)
  object space 21504K, 63% used [0x000000077c000000,0x000000077cd5ef28,0x000000077d500000)

Card table byte_map: [0x00007f018d1e7000,0x00007f018d608000] byte_map_base: 0x00007f0189607000

Polling page: 0x00007f01918f2000

Code Cache  [0x00007f0185000000, 0x00007f0185270000, 0x00007f0188000000)
 total_blobs=617 nmethods=181 adapters=398 free_code_cache=48100Kb largest_free_block=49211008

Compilation events (10 events):
Event: 9.499 Thread 0x00007f01880be000  181             java.util.regex.Pattern$Curly::match (86 bytes)
Event: 9.524 Thread 0x00007f01880be000 nmethod 181 0x00007f01850a0050 code [0x00007f01850a02c0, 0x00007f01850a1580]
Event: 10.385 Thread 0x00007f01880bb800  182             java.lang.AbstractStringBuilder::append (48 bytes)
Event: 10.396 Thread 0x00007f01880bb800 nmethod 182 0x00007f018510dbd0 code [0x00007f018510dd40, 0x00007f018510e238]
Event: 10.414 Thread 0x00007f01880bb800  184             java.util.regex.Pattern$BmpCharProperty::<init> (6 bytes)
Event: 10.414 Thread 0x00007f01880be000  183             java.util.regex.Pattern$BmpCharProperty::<init> (5 bytes)
Event: 10.415 Thread 0x00007f01880bb800 nmethod 184 0x00007f0185109790 code [0x00007f01851098c0, 0x00007f0185109938]
Event: 10.415 Thread 0x00007f01880be000 nmethod 183 0x00007f018510d990 code [0x00007f018510dac0, 0x00007f018510db38]
Event: 11.405 Thread 0x00007f01880be000  185             org.eclipse.swt.widgets.Display::getWidget (76 bytes)
Event: 11.423 Thread 0x00007f01880be000 nmethod 185 0x00007f01850fa790 code [0x00007f01850fa9a0, 0x00007f01850fb750]

GC Heap History (6 events):
Event: 1.055 GC heap before
{Heap before GC invocations=1 (full 0):
 PSYoungGen      total 36352K, used 31232K [0x00000007d7700000, 0x00000007d9f80000, 0x0000000800000000)
  eden space 31232K, 100% used [0x00000007d7700000,0x00000007d9580000,0x00000007d9580000)
  from space 5120K, 0% used [0x00000007d9a80000,0x00000007d9a80000,0x00000007d9f80000)
  to   space 5120K, 0% used [0x00000007d9580000,0x00000007d9580000,0x00000007d9a80000)
 ParOldGen       total 82944K, used 0K [0x0000000786600000, 0x000000078b700000, 0x00000007d7700000)
  object space 82944K, 0% used [0x0000000786600000,0x0000000786600000,0x000000078b700000)
 PSPermGen       total 21504K, used 7715K [0x000000077c000000, 0x000000077d500000, 0x0000000786600000)
  object space 21504K, 35% used [0x000000077c000000,0x000000077c788c00,0x000000077d500000)
Event: 1.077 GC heap after
Heap after GC invocations=1 (full 0):
 PSYoungGen      total 36352K, used 5096K [0x00000007d7700000, 0x00000007dbe00000, 0x0000000800000000)
  eden space 31232K, 0% used [0x00000007d7700000,0x00000007d7700000,0x00000007d9580000)
  from space 5120K, 99% used [0x00000007d9580000,0x00000007d9a7a1b8,0x00000007d9a80000)
  to   space 5120K, 0% used [0x00000007db900000,0x00000007db900000,0x00000007dbe00000)
 ParOldGen       total 82944K, used 8624K [0x0000000786600000, 0x000000078b700000, 0x00000007d7700000)
  object space 82944K, 10% used [0x0000000786600000,0x0000000786e6c3d0,0x000000078b700000)
 PSPermGen       total 21504K, used 7715K [0x000000077c000000, 0x000000077d500000, 0x0000000786600000)
  object space 21504K, 35% used [0x000000077c000000,0x000000077c788c00,0x000000077d500000)
}
Event: 1.506 GC heap before
{Heap before GC invocations=2 (full 0):
 PSYoungGen      total 36352K, used 36328K [0x00000007d7700000, 0x00000007dbe00000, 0x0000000800000000)
  eden space 31232K, 100% used [0x00000007d7700000,0x00000007d9580000,0x00000007d9580000)
  from space 5120K, 99% used [0x00000007d9580000,0x00000007d9a7a1b8,0x00000007d9a80000)
  to   space 5120K, 0% used [0x00000007db900000,0x00000007db900000,0x00000007dbe00000)
 ParOldGen       total 82944K, used 8624K [0x0000000786600000, 0x000000078b700000, 0x00000007d7700000)
  object space 82944K, 10% used [0x0000000786600000,0x0000000786e6c3d0,0x000000078b700000)
 PSPermGen       total 21504K, used 7758K [0x000000077c000000, 0x000000077d500000, 0x0000000786600000)
  object space 21504K, 36% used [0x000000077c000000,0x000000077c793bf8,0x000000077d500000)
Event: 1.518 GC heap after
Heap after GC invocations=2 (full 0):
 PSYoungGen      total 67584K, used 5119K [0x00000007d7700000, 0x00000007dbe00000, 0x0000000800000000)
  eden space 62464K, 0% used [0x00000007d7700000,0x00000007d7700000,0x00000007db400000)
  from space 5120K, 99% used [0x00000007db900000,0x00000007dbdfffa8,0x00000007dbe00000)
  to   space 5120K, 0% used [0x00000007db400000,0x00000007db400000,0x00000007db900000)
 ParOldGen       total 82944K, used 9541K [0x0000000786600000, 0x000000078b700000, 0x00000007d7700000)
  object space 82944K, 11% used [0x0000000786600000,0x0000000786f51518,0x000000078b700000)
 PSPermGen       total 21504K, used 7758K [0x000000077c000000, 0x000000077d500000, 0x0000000786600000)
  object space 21504K, 36% used [0x000000077c000000,0x000000077c793bf8,0x000000077d500000)
}
Event: 3.109 GC heap before
{Heap before GC invocations=3 (full 0):
 PSYoungGen      total 67584K, used 67583K [0x00000007d7700000, 0x00000007dbe00000, 0x0000000800000000)
  eden space 62464K, 100% used [0x00000007d7700000,0x00000007db400000,0x00000007db400000)
  from space 5120K, 99% used [0x00000007db900000,0x00000007dbdfffa8,0x00000007dbe00000)
  to   space 5120K, 0% used [0x00000007db400000,0x00000007db400000,0x00000007db900000)
 ParOldGen       total 82944K, used 9541K [0x0000000786600000, 0x000000078b700000, 0x00000007d7700000)
  object space 82944K, 11% used [0x0000000786600000,0x0000000786f51518,0x000000078b700000)
 PSPermGen       total 21504K, used 9833K [0x000000077c000000, 0x000000077d500000, 0x0000000786600000)
  object space 21504K, 45% used [0x000000077c000000,0x000000077c99a590,0x000000077d500000)
Event: 3.133 GC heap after
Heap after GC invocations=3 (full 0):
 PSYoungGen      total 67584K, used 5107K [0x00000007d7700000, 0x00000007dfb00000, 0x0000000800000000)
  eden space 62464K, 0% used [0x00000007d7700000,0x00000007d7700000,0x00000007db400000)
  from space 5120K, 99% used [0x00000007db400000,0x00000007db8fcc40,0x00000007db900000)
  to   space 5120K, 0% used [0x00000007df600000,0x00000007df600000,0x00000007dfb00000)
 ParOldGen       total 82944K, used 19326K [0x0000000786600000, 0x000000078b700000, 0x00000007d7700000)
  object space 82944K, 23% used [0x0000000786600000,0x00000007878dfa88,0x000000078b700000)
 PSPermGen       total 21504K, used 9833K [0x000000077c000000, 0x000000077d500000, 0x0000000786600000)
  object space 21504K, 45% used [0x000000077c000000,0x000000077c99a590,0x000000077d500000)
}

Deoptimization events (10 events):
Event: 3.184 Thread 0x00007f018800c800 Uncommon trap: reason=class_check action=maybe_recompile pc=0x00007f018507c670 method=java.lang.String.equals(Ljava/lang/Object;)Z @ 8
Event: 3.185 Thread 0x00007f018800c800 Uncommon trap: reason=class_check action=maybe_recompile pc=0x00007f018507c670 method=java.lang.String.equals(Ljava/lang/Object;)Z @ 8
Event: 3.560 Thread 0x00007f018800c800 Uncommon trap: reason=null_check action=make_not_entrant pc=0x00007f018507c684 method=java.lang.String.equals(Ljava/lang/Object;)Z @ 8
Event: 3.702 Thread 0x00007f018800c800 Uncommon trap: reason=unreached action=reinterpret pc=0x00007f018508bdd0 method=java.lang.AbstractStringBuilder.append(Ljava/lang/String;)Ljava/lang/AbstractStringBuilder; @ 1
Event: 8.290 Thread 0x00007f018800c800 Uncommon trap: reason=range_check action=none pc=0x00007f01850e34ec method=sun.reflect.generics.parser.SignatureParser.current()C @ 34
Event: 8.297 Thread 0x00007f018800c800 Uncommon trap: reason=range_check action=none pc=0x00007f01850e34ec method=sun.reflect.generics.parser.SignatureParser.current()C @ 34
Event: 8.427 Thread 0x00007f018800c800 Uncommon trap: reason=bimorphic action=maybe_recompile pc=0x00007f01851057cc method=org.eclipse.swt.widgets.EventTable.sendEvent(Lorg/eclipse/swt/widgets/Event;)V @ 77
Event: 8.464 Thread 0x00007f018800c800 Uncommon trap: reason=bimorphic action=maybe_recompile pc=0x00007f01851057cc method=org.eclipse.swt.widgets.EventTable.sendEvent(Lorg/eclipse/swt/widgets/Event;)V @ 77
Event: 9.445 Thread 0x00007f018800c800 Uncommon trap: reason=bimorphic action=maybe_recompile pc=0x00007f01851057cc method=org.eclipse.swt.widgets.EventTable.sendEvent(Lorg/eclipse/swt/widgets/Event;)V @ 77
Event: 10.425 Thread 0x00007f018800c800 Uncommon trap: reason=bimorphic action=maybe_recompile pc=0x00007f01851057cc method=org.eclipse.swt.widgets.EventTable.sendEvent(Lorg/eclipse/swt/widgets/Event;)V @ 77

Internal exceptions (10 events):
Event: 9.430 Thread 0x00007f018800c800 Threw 0x00000007d889ef78 at /build/openjdk-7-FO0dNI/openjdk-7-7u79-2.5.6/build/openjdk/hotspot/src/share/vm/prims/jvm.cpp:1284
Event: 9.442 Thread 0x00007f018800c800 Threw 0x00000007d891f978 at /build/openjdk-7-FO0dNI/openjdk-7-7u79-2.5.6/build/openjdk/hotspot/src/share/vm/prims/jvm.cpp:1284
Event: 9.443 Thread 0x00007f018800c800 Threw 0x00000007d8922e90 at /build/openjdk-7-FO0dNI/openjdk-7-7u79-2.5.6/build/openjdk/hotspot/src/share/vm/prims/jvm.cpp:1284
Event: 10.376 Thread 0x00007f018800c800 Threw 0x00000007d89c5fa0 at /build/openjdk-7-FO0dNI/openjdk-7-7u79-2.5.6/build/openjdk/hotspot/src/share/vm/prims/jvm.cpp:1284
Event: 10.403 Thread 0x00007f018800c800 Threw 0x00000007d8a75978 at /build/openjdk-7-FO0dNI/openjdk-7-7u79-2.5.6/build/openjdk/hotspot/src/share/vm/prims/jvm.cpp:1284
Event: 10.417 Thread 0x00007f018800c800 Threw 0x00000007d8aa4908 at /build/openjdk-7-FO0dNI/openjdk-7-7u79-2.5.6/build/openjdk/hotspot/src/share/vm/prims/jvm.cpp:1284
Event: 10.419 Thread 0x00007f018800c800 Threw 0x00000007d8aa8370 at /build/openjdk-7-FO0dNI/openjdk-7-7u79-2.5.6/build/openjdk/hotspot/src/share/vm/prims/jvm.cpp:1284
Event: 10.421 Thread 0x00007f018800c800 Threw 0x00000007d8aab9c0 at /build/openjdk-7-FO0dNI/openjdk-7-7u79-2.5.6/build/openjdk/hotspot/src/share/vm/prims/jvm.cpp:1284
Event: 12.215 Thread 0x00007f018800c800 Threw 0x00000007d8abf690 at /build/openjdk-7-FO0dNI/openjdk-7-7u79-2.5.6/build/openjdk/hotspot/src/share/vm/prims/jvm.cpp:1284
Event: 12.218 Thread 0x00007f018800c800 Threw 0x00000007d8ac4b00 at /build/openjdk-7-FO0dNI/openjdk-7-7u79-2.5.6/build/openjdk/hotspot/src/share/vm/prims/jvm.cpp:1284

Events (10 events):
Event: 39.646 Executing VM operation: GetCurrentLocation
Event: 39.646 Executing VM operation: GetCurrentLocation done
Event: 39.646 Executing VM operation: ChangeSingleStep
Event: 39.646 Executing VM operation: ChangeSingleStep done
Event: 39.647 Executing VM operation: ChangeSingleStep
Event: 39.647 Executing VM operation: ChangeSingleStep done
Event: 39.661 Executing VM operation: GetOrSetLocal
Event: 39.661 Executing VM operation: GetOrSetLocal done
Event: 39.665 Executing VM operation: GetOrSetLocal
Event: 39.665 Executing VM operation: GetOrSetLocal done


Dynamic libraries:
00400000-00401000 r-xp 00000000 fc:01 12087756                           /usr/lib/jvm/java-7-openjdk-amd64/jre/bin/java
00600000-00601000 r--p 00000000 fc:01 12087756                           /usr/lib/jvm/java-7-openjdk-amd64/jre/bin/java
00601000-00602000 rw-p 00001000 fc:01 12087756                           /usr/lib/jvm/java-7-openjdk-amd64/jre/bin/java
016d7000-016f8000 rw-p 00000000 00:00 0                                  [heap]
77c000000-77d500000 rw-p 00000000 00:00 0 
77d500000-786600000 rw-p 00000000 00:00 0 
786600000-78b700000 rw-p 00000000 00:00 0 
78b700000-7d7700000 rw-p 00000000 00:00 0 
7d7700000-7dfb00000 rw-p 00000000 00:00 0 
7dfb00000-800000000 rw-p 00000000 00:00 0 
7f013b934000-7f013bb6e000 rw-p 00000000 00:00 0 
7f013bb6e000-7f013bbce000 rw-s 00000000 00:04 74350619                   /SYSV00000000 (deleted)
7f013bbce000-7f013bc09000 r--p 00000000 fc:01 29628508                   /usr/share/fonts/truetype/dejavu/DejaVuSansMono-BoldOblique.ttf
7f013bc09000-7f013bc46000 r--p 00000000 fc:01 29628517                   /usr/share/fonts/truetype/dejavu/DejaVuSansMono-Oblique.ttf
7f013bc46000-7f013bc94000 r--p 00000000 fc:01 29624853                   /usr/share/fonts/truetype/dejavu/DejaVuSansMono-Bold.ttf
7f013bc94000-7f013bd4a000 r--p 00000000 fc:01 29624852                   /usr/share/fonts/truetype/dejavu/DejaVuSans.ttf
7f013bd4a000-7f013bdf4000 r--p 00000000 fc:01 29624851                   /usr/share/fonts/truetype/dejavu/DejaVuSans-Bold.ttf
7f013bdf4000-7f013bdff000 r-xp 00000000 fc:01 11535028                   /home/simon/.swt/lib/linux/x86_64/libswt-atk-gtk-4332.so
7f013bdff000-7f013bfff000 ---p 0000b000 fc:01 11535028                   /home/simon/.swt/lib/linux/x86_64/libswt-atk-gtk-4332.so
7f013bfff000-7f013c000000 rw-p 0000b000 fc:01 11535028                   /home/simon/.swt/lib/linux/x86_64/libswt-atk-gtk-4332.so
7f013c000000-7f013c021000 rw-p 00000000 00:00 0 
7f013c021000-7f0140000000 ---p 00000000 00:00 0 
7f0140000000-7f0140021000 rw-p 00000000 00:00 0 
7f0140021000-7f0144000000 ---p 00000000 00:00 0 
7f0144000000-7f0144397000 rw-p 00000000 00:00 0 
7f0144397000-7f0148000000 ---p 00000000 00:00 0 
7f0148000000-7f014842b000 rw-p 00000000 00:00 0 
7f014842b000-7f014c000000 ---p 00000000 00:00 0 
7f014c000000-7f014c021000 rw-p 00000000 00:00 0 
7f014c021000-7f0150000000 ---p 00000000 00:00 0 
7f0150000000-7f0150021000 rw-p 00000000 00:00 0 
7f0150021000-7f0154000000 ---p 00000000 00:00 0 
7f0154000000-7f0154021000 rw-p 00000000 00:00 0 
7f0154021000-7f0158000000 ---p 00000000 00:00 0 
7f0158000000-7f0158067000 rw-p 00000000 00:00 0 
7f0158067000-7f015c000000 ---p 00000000 00:00 0 
7f015c000000-7f015c021000 rw-p 00000000 00:00 0 
7f015c021000-7f0160000000 ---p 00000000 00:00 0 
7f0160000000-7f0160021000 rw-p 00000000 00:00 0 
7f0160021000-7f0164000000 ---p 00000000 00:00 0 
7f0164000000-7f0164021000 rw-p 00000000 00:00 0 
7f0164021000-7f0168000000 ---p 00000000 00:00 0 
7f0168004000-7f0168011000 r-xp 00000000 fc:01 11535029                   /home/simon/.swt/lib/linux/x86_64/libswt-cairo-gtk-4332.so
7f0168011000-7f0168210000 ---p 0000d000 fc:01 11535029                   /home/simon/.swt/lib/linux/x86_64/libswt-cairo-gtk-4332.so
7f0168210000-7f0168211000 rw-p 0000c000 fc:01 11535029                   /home/simon/.swt/lib/linux/x86_64/libswt-cairo-gtk-4332.so
7f0168211000-7f0168217000 r-xp 00000000 fc:01 29102350                   /usr/lib/x86_64-linux-gnu/gdk-pixbuf-2.0/2.10.0/loaders/libpixbufloader-gif.so
7f0168217000-7f0168416000 ---p 00006000 fc:01 29102350                   /usr/lib/x86_64-linux-gnu/gdk-pixbuf-2.0/2.10.0/loaders/libpixbufloader-gif.so
7f0168416000-7f0168417000 r--p 00005000 fc:01 29102350                   /usr/lib/x86_64-linux-gnu/gdk-pixbuf-2.0/2.10.0/loaders/libpixbufloader-gif.so
7f0168417000-7f0168418000 rw-p 00006000 fc:01 29102350                   /usr/lib/x86_64-linux-gnu/gdk-pixbuf-2.0/2.10.0/loaders/libpixbufloader-gif.so
7f0168418000-7f0168498000 rw-s 00000000 00:04 74317850                   /SYSV00000000 (deleted)
7f0168498000-7f01684a8000 r-xp 00000000 fc:01 12087032                   /usr/lib/jvm/java-7-openjdk-amd64/jre/lib/amd64/libnio.so
7f01684a8000-7f01686a8000 ---p 00010000 fc:01 12087032                   /usr/lib/jvm/java-7-openjdk-amd64/jre/lib/amd64/libnio.so
7f01686a8000-7f01686a9000 r--p 00010000 fc:01 12087032                   /usr/lib/jvm/java-7-openjdk-amd64/jre/lib/amd64/libnio.so
7f01686a9000-7f01686aa000 rw-p 00011000 fc:01 12087032                   /usr/lib/jvm/java-7-openjdk-amd64/jre/lib/amd64/libnio.so
7f01686aa000-7f01686c1000 r-xp 00000000 fc:01 12087027                   /usr/lib/jvm/java-7-openjdk-amd64/jre/lib/amd64/libnet.so
7f01686c1000-7f01688c0000 ---p 00017000 fc:01 12087027                   /usr/lib/jvm/java-7-openjdk-amd64/jre/lib/amd64/libnet.so
7f01688c0000-7f01688c1000 r--p 00016000 fc:01 12087027                   /usr/lib/jvm/java-7-openjdk-amd64/jre/lib/amd64/libnet.so
7f01688c1000-7f01688c2000 rw-p 00017000 fc:01 12087027                   /usr/lib/jvm/java-7-openjdk-amd64/jre/lib/amd64/libnet.so
7f01688c2000-7f01688f1000 r-xp 00000000 fc:01 29099340                   /usr/lib/x86_64-linux-gnu/gtk-2.0/2.10.0/engines/libmurrine.so
7f01688f1000-7f0168af1000 ---p 0002f000 fc:01 29099340                   /usr/lib/x86_64-linux-gnu/gtk-2.0/2.10.0/engines/libmurrine.so
7f0168af1000-7f0168af2000 r--p 0002f000 fc:01 29099340                   /usr/lib/x86_64-linux-gnu/gtk-2.0/2.10.0/engines/libmurrine.so
7f0168af2000-7f0168af3000 rw-p 00030000 fc:01 29099340                   /usr/lib/x86_64-linux-gnu/gtk-2.0/2.10.0/engines/libmurrine.so
7f0168af3000-7f0168af9000 r-xp 00000000 fc:01 28842408                   /usr/lib/x86_64-linux-gnu/libdatrie.so.1.3.1
7f0168af9000-7f0168cf8000 ---p 00006000 fc:01 28842408                   /usr/lib/x86_64-linux-gnu/libdatrie.so.1.3.1
7f0168cf8000-7f0168cf9000 r--p 00005000 fc:01 28842408                   /usr/lib/x86_64-linux-gnu/libdatrie.so.1.3.1
7f0168cf9000-7f0168cfa000 rw-p 00006000 fc:01 28842408                   /usr/lib/x86_64-linux-gnu/libdatrie.so.1.3.1
7f0168cfa000-7f0168d14000 r-xp 00000000 fc:01 28842588                   /usr/lib/x86_64-linux-gnu/libgraphite2.so.3.0.1
7f0168d14000-7f0168f13000 ---p 0001a000 fc:01 28842588                   /usr/lib/x86_64-linux-gnu/libgraphite2.so.3.0.1
7f0168f13000-7f0168f15000 r--p 00019000 fc:01 28842588                   /usr/lib/x86_64-linux-gnu/libgraphite2.so.3.0.1
7f0168f15000-7f0168f16000 rw-p 0001b000 fc:01 28842588                   /usr/lib/x86_64-linux-gnu/libgraphite2.so.3.0.1
7f0168f16000-7f0168f1b000 r-xp 00000000 fc:01 28842232                   /usr/lib/x86_64-linux-gnu/libXdmcp.so.6.0.0
7f0168f1b000-7f016911a000 ---p 00005000 fc:01 28842232                   /usr/lib/x86_64-linux-gnu/libXdmcp.so.6.0.0
7f016911a000-7f016911b000 r--p 00004000 fc:01 28842232                   /usr/lib/x86_64-linux-gnu/libXdmcp.so.6.0.0
7f016911b000-7f016911c000 rw-p 00005000 fc:01 28842232                   /usr/lib/x86_64-linux-gnu/libXdmcp.so.6.0.0
7f016911c000-7f016911e000 r-xp 00000000 fc:01 28842221                   /usr/lib/x86_64-linux-gnu/libXau.so.6.0.0
7f016911e000-7f016931e000 ---p 00002000 fc:01 28842221                   /usr/lib/x86_64-linux-gnu/libXau.so.6.0.0
7f016931e000-7f016931f000 r--p 00002000 fc:01 28842221                   /usr/lib/x86_64-linux-gnu/libXau.so.6.0.0
7f016931f000-7f0169320000 rw-p 00003000 fc:01 28842221                   /usr/lib/x86_64-linux-gnu/libXau.so.6.0.0
7f0169320000-7f016935d000 r-xp 00000000 fc:01 20583760                   /lib/x86_64-linux-gnu/libpcre.so.3.13.1
7f016935d000-7f016955c000 ---p 0003d000 fc:01 20583760                   /lib/x86_64-linux-gnu/libpcre.so.3.13.1
7f016955c000-7f016955d000 r--p 0003c000 fc:01 20583760                   /lib/x86_64-linux-gnu/libpcre.so.3.13.1
7f016955d000-7f016955e000 rw-p 0003d000 fc:01 20583760                   /lib/x86_64-linux-gnu/libpcre.so.3.13.1
7f016955e000-7f0169565000 r-xp 00000000 fc:01 28842477                   /usr/lib/x86_64-linux-gnu/libffi.so.6.0.1
7f0169565000-7f0169764000 ---p 00007000 fc:01 28842477                   /usr/lib/x86_64-linux-gnu/libffi.so.6.0.1
7f0169764000-7f0169765000 r--p 00006000 fc:01 28842477                   /usr/lib/x86_64-linux-gnu/libffi.so.6.0.1
7f0169765000-7f0169766000 rw-p 00007000 fc:01 28842477                   /usr/lib/x86_64-linux-gnu/libffi.so.6.0.1
7f0169766000-7f016978d000 r-xp 00000000 fc:01 20579316                   /lib/x86_64-linux-gnu/libexpat.so.1.6.0
7f016978d000-7f016998d000 ---p 00027000 fc:01 20579316                   /lib/x86_64-linux-gnu/libexpat.so.1.6.0
7f016998d000-7f016998f000 r--p 00027000 fc:01 20579316                   /lib/x86_64-linux-gnu/libexpat.so.1.6.0
7f016998f000-7f0169990000 rw-p 00029000 fc:01 20579316                   /lib/x86_64-linux-gnu/libexpat.so.1.6.0
7f0169990000-7f0169998000 r-xp 00000000 fc:01 28843058                   /usr/lib/x86_64-linux-gnu/libthai.so.0.2.0
7f0169998000-7f0169b97000 ---p 00008000 fc:01 28843058                   /usr/lib/x86_64-linux-gnu/libthai.so.0.2.0
7f0169b97000-7f0169b98000 r--p 00007000 fc:01 28843058                   /usr/lib/x86_64-linux-gnu/libthai.so.0.2.0
7f0169b98000-7f0169b99000 rw-p 00008000 fc:01 28843058                   /usr/lib/x86_64-linux-gnu/libthai.so.0.2.0
7f0169b99000-7f0169bec000 r-xp 00000000 fc:01 28839420                   /usr/lib/x86_64-linux-gnu/libharfbuzz.so.0.927.0
7f0169bec000-7f0169dec000 ---p 00053000 fc:01 28839420                   /usr/lib/x86_64-linux-gnu/libharfbuzz.so.0.927.0
7f0169dec000-7f0169ded000 r--p 00053000 fc:01 28839420                   /usr/lib/x86_64-linux-gnu/libharfbuzz.so.0.927.0
7f0169ded000-7f0169dee000 rw-p 00054000 fc:01 28839420                   /usr/lib/x86_64-linux-gnu/libharfbuzz.so.0.927.0
7f0169dee000-7f0169e05000 r-xp 00000000 fc:01 20579281                   /lib/x86_64-linux-gnu/libresolv-2.19.so
7f0169e05000-7f016a005000 ---p 00017000 fc:01 20579281                   /lib/x86_64-linux-gnu/libresolv-2.19.so
7f016a005000-7f016a006000 r--p 00017000 fc:01 20579281                   /lib/x86_64-linux-gnu/libresolv-2.19.so
7f016a006000-7f016a007000 rw-p 00018000 fc:01 20579281                   /lib/x86_64-linux-gnu/libresolv-2.19.so
7f016a007000-7f016a009000 rw-p 00000000 00:00 0 
7f016a009000-7f016a029000 r-xp 00000000 fc:01 20582406                   /lib/x86_64-linux-gnu/libselinux.so.1
7f016a029000-7f016a228000 ---p 00020000 fc:01 20582406                   /lib/x86_64-linux-gnu/libselinux.so.1
7f016a228000-7f016a229000 r--p 0001f000 fc:01 20582406                   /lib/x86_64-linux-gnu/libselinux.so.1
7f016a229000-7f016a22a000 rw-p 00020000 fc:01 20582406                   /lib/x86_64-linux-gnu/libselinux.so.1
7f016a22a000-7f016a22c000 rw-p 00000000 00:00 0 
7f016a22c000-7f016a234000 r-xp 00000000 fc:01 28843163                   /usr/lib/x86_64-linux-gnu/libxcb-render.so.0.0.0
7f016a234000-7f016a433000 ---p 00008000 fc:01 28843163                   /usr/lib/x86_64-linux-gnu/libxcb-render.so.0.0.0
7f016a433000-7f016a434000 r--p 00007000 fc:01 28843163                   /usr/lib/x86_64-linux-gnu/libxcb-render.so.0.0.0
7f016a434000-7f016a435000 rw-p 00008000 fc:01 28843163                   /usr/lib/x86_64-linux-gnu/libxcb-render.so.0.0.0
7f016a435000-7f016a437000 r-xp 00000000 fc:01 28843167                   /usr/lib/x86_64-linux-gnu/libxcb-shm.so.0.0.0
7f016a437000-7f016a636000 ---p 00002000 fc:01 28843167                   /usr/lib/x86_64-linux-gnu/libxcb-shm.so.0.0.0
7f016a636000-7f016a637000 r--p 00001000 fc:01 28843167                   /usr/lib/x86_64-linux-gnu/libxcb-shm.so.0.0.0
7f016a637000-7f016a638000 rw-p 00002000 fc:01 28843167                   /usr/lib/x86_64-linux-gnu/libxcb-shm.so.0.0.0
7f016a638000-7f016a65d000 r-xp 00000000 fc:01 20582391                   /lib/x86_64-linux-gnu/libpng12.so.0.50.0
7f016a65d000-7f016a85c000 ---p 00025000 fc:01 20582391                   /lib/x86_64-linux-gnu/libpng12.so.0.50.0
7f016a85c000-7f016a85d000 r--p 00024000 fc:01 20582391                   /lib/x86_64-linux-gnu/libpng12.so.0.50.0
7f016a85d000-7f016a85e000 rw-p 00025000 fc:01 20582391                   /lib/x86_64-linux-gnu/libpng12.so.0.50.0
7f016a85e000-7f016a8ff000 r-xp 00000000 fc:01 28842908                   /usr/lib/x86_64-linux-gnu/libpixman-1.so.0.30.2
7f016a8ff000-7f016aaff000 ---p 000a1000 fc:01 28842908                   /usr/lib/x86_64-linux-gnu/libpixman-1.so.0.30.2
7f016aaff000-7f016ab06000 r--p 000a1000 fc:01 28842908                   /usr/lib/x86_64-linux-gnu/libpixman-1.so.0.30.2
7f016ab06000-7f016ab07000 rw-p 000a8000 fc:01 28842908                   /usr/lib/x86_64-linux-gnu/libpixman-1.so.0.30.2
7f016ab07000-7f016ab24000 r-xp 00000000 fc:01 28843175                   /usr/lib/x86_64-linux-gnu/libxcb.so.1.1.0
7f016ab24000-7f016ad24000 ---p 0001d000 fc:01 28843175                   /usr/lib/x86_64-linux-gnu/libxcb.so.1.1.0
7f016ad24000-7f016ad25000 r--p 0001d000 fc:01 28843175                   /usr/lib/x86_64-linux-gnu/libxcb.so.1.1.0
7f016ad25000-7f016ad26000 rw-p 0001e000 fc:01 28843175                   /usr/lib/x86_64-linux-gnu/libxcb.so.1.1.0
7f016ad26000-7f016adc3000 r-xp 00000000 fc:01 28843847                   /usr/lib/x86_64-linux-gnu/libfreetype.so.6.11.1
7f016adc3000-7f016afc2000 ---p 0009d000 fc:01 28843847                   /usr/lib/x86_64-linux-gnu/libfreetype.so.6.11.1
7f016afc2000-7f016afc8000 r--p 0009c000 fc:01 28843847                   /usr/lib/x86_64-linux-gnu/libfreetype.so.6.11.1
7f016afc8000-7f016afc9000 rw-p 000a2000 fc:01 28843847                   /usr/lib/x86_64-linux-gnu/libfreetype.so.6.11.1
7f016afc9000-7f016afcb000 r-xp 00000000 fc:01 28842230                   /usr/lib/x86_64-linux-gnu/libXdamage.so.1.1.0
7f016afcb000-7f016b1ca000 ---p 00002000 fc:01 28842230                   /usr/lib/x86_64-linux-gnu/libXdamage.so.1.1.0
7f016b1ca000-7f016b1cb000 r--p 00001000 fc:01 28842230                   /usr/lib/x86_64-linux-gnu/libXdamage.so.1.1.0
7f016b1cb000-7f016b1cc000 rw-p 00002000 fc:01 28842230                   /usr/lib/x86_64-linux-gnu/libXdamage.so.1.1.0
7f016b1cc000-7f016b1ce000 r-xp 00000000 fc:01 28842226                   /usr/lib/x86_64-linux-gnu/libXcomposite.so.1.0.0
7f016b1ce000-7f016b3cd000 ---p 00002000 fc:01 28842226                   /usr/lib/x86_64-linux-gnu/libXcomposite.so.1.0.0
7f016b3cd000-7f016b3ce000 r--p 00001000 fc:01 28842226                   /usr/lib/x86_64-linux-gnu/libXcomposite.so.1.0.0
7f016b3ce000-7f016b3cf000 rw-p 00002000 fc:01 28842226                   /usr/lib/x86_64-linux-gnu/libXcomposite.so.1.0.0
7f016b3cf000-7f016b3d8000 r-xp 00000000 fc:01 28842228                   /usr/lib/x86_64-linux-gnu/libXcursor.so.1.0.2
7f016b3d8000-7f016b5d7000 ---p 00009000 fc:01 28842228                   /usr/lib/x86_64-linux-gnu/libXcursor.so.1.0.2
7f016b5d7000-7f016b5d8000 r--p 00008000 fc:01 28842228                   /usr/lib/x86_64-linux-gnu/libXcursor.so.1.0.2
7f016b5d8000-7f016b5d9000 rw-p 00009000 fc:01 28842228                   /usr/lib/x86_64-linux-gnu/libXcursor.so.1.0.2
7f016b5d9000-7f016b5e2000 r-xp 00000000 fc:01 28842254                   /usr/lib/x86_64-linux-gnu/libXrandr.so.2.2.0
7f016b5e2000-7f016b7e1000 ---p 00009000 fc:01 28842254                   /usr/lib/x86_64-linux-gnu/libXrandr.so.2.2.0
7f016b7e1000-7f016b7e2000 r--p 00008000 fc:01 28842254                   /usr/lib/x86_64-linux-gnu/libXrandr.so.2.2.0
7f016b7e2000-7f016b7e3000 rw-p 00009000 fc:01 28842254                   /usr/lib/x86_64-linux-gnu/libXrandr.so.2.2.0
7f016b7e3000-7f016b7f2000 r-xp 00000000 fc:01 28842235                   /usr/lib/x86_64-linux-gnu/libXi.so.6.1.0
7f016b7f2000-7f016b9f1000 ---p 0000f000 fc:01 28842235                   /usr/lib/x86_64-linux-gnu/libXi.so.6.1.0
7f016b9f1000-7f016b9f2000 r--p 0000e000 fc:01 28842235                   /usr/lib/x86_64-linux-gnu/libXi.so.6.1.0
7f016b9f2000-7f016b9f3000 rw-p 0000f000 fc:01 28842235                   /usr/lib/x86_64-linux-gnu/libXi.so.6.1.0
7f016b9f3000-7f016b9f5000 r-xp 00000000 fc:01 28842244                   /usr/lib/x86_64-linux-gnu/libXinerama.so.1.0.0
7f016b9f5000-7f016bbf4000 ---p 00002000 fc:01 28842244                   /usr/lib/x86_64-linux-gnu/libXinerama.so.1.0.0
7f016bbf4000-7f016bbf5000 r--p 00001000 fc:01 28842244                   /usr/lib/x86_64-linux-gnu/libXinerama.so.1.0.0
7f016bbf5000-7f016bbf6000 rw-p 00002000 fc:01 28842244                   /usr/lib/x86_64-linux-gnu/libXinerama.so.1.0.0
7f016bbf6000-7f016bbff000 r-xp 00000000 fc:01 28842241                   /usr/lib/x86_64-linux-gnu/libXrender.so.1.3.0
7f016bbff000-7f016bdfe000 ---p 00009000 fc:01 28842241                   /usr/lib/x86_64-linux-gnu/libXrender.so.1.3.0
7f016bdfe000-7f016bdff000 r--p 00008000 fc:01 28842241                   /usr/lib/x86_64-linux-gnu/libXrender.so.1.3.0
7f016bdff000-7f016be00000 rw-p 00009000 fc:01 28842241                   /usr/lib/x86_64-linux-gnu/libXrender.so.1.3.0
7f016be00000-7f0170000000 rw-p 00000000 00:00 0 
7f0170000000-7f0170021000 rw-p 00000000 00:00 0 
7f0170021000-7f0174000000 ---p 00000000 00:00 0 
7f0174000000-7f0174021000 rw-p 00000000 00:00 0 
7f0174021000-7f0178000000 ---p 00000000 00:00 0 
7f0178000000-7f0178021000 rw-p 00000000 00:00 0 
7f0178021000-7f017c000000 ---p 00000000 00:00 0 
7f017c01c000-7f017c01d000 rw-p 00000000 00:00 0 
7f017c01d000-7f017c027000 r--s 000ae000 fc:01 12082281                   /usr/lib/jvm/java-7-openjdk-amd64/jre/lib/resources.jar
7f017c027000-7f017c02d000 r--p 00000000 fc:01 30152096                   /usr/share/locale-langpack/de/LC_MESSAGES/gdk-pixbuf.mo
7f017c02d000-7f017c04d000 r--s 00000000 fc:01 29098116                   /usr/share/mime/mime.cache
7f017c04d000-7f017c06d000 r--s 00000000 fc:01 29098116                   /usr/share/mime/mime.cache
7f017c06d000-7f017c06e000 r--s 00000000 fc:01 29884467                   /home/simon/.local/share/mime/mime.cache
7f017c06e000-7f017c06f000 rw-p 00000000 00:00 0 
7f017c06f000-7f017c075000 r--s 0004e000 fc:01 28723287                   /home/simon/Dropbox/Diss/Projekte/2011_EMod/EMod/trunk/ch.ethz.inspire.emod/ejml-v0.26-libs/EJML-core-0.26.jar
7f017c075000-7f017c078000 r--s 00028000 fc:01 28720743                   /home/simon/Dropbox/Diss/Projekte/2011_EMod/EMod/trunk/ch.ethz.inspire.emod/org.swtchart_0.7.0.v20110128.jar
7f017c078000-7f017c07f000 r--s 00036000 fc:01 28715354                   /home/simon/Dropbox/Diss/Projekte/2011_EMod/EMod/trunk/ch.ethz.inspire.emod/junit-4.9b3.jar
7f017c07f000-7f017c0b0000 rw-p 00000000 00:00 0 
7f017c0b0000-7f017c102000 r--p 00000000 fc:01 29624854                   /usr/share/fonts/truetype/dejavu/DejaVuSansMono.ttf
7f017c102000-7f017c158000 r--p 00000000 fc:01 29625022                   /usr/share/fonts/truetype/ubuntu-font-family/Ubuntu-C.ttf
7f017c158000-7f017c166000 r--s 00000000 fc:01 7871736                    /var/cache/fontconfig/6aa41aa22e18b8fa06a12da28ea9c28b-le64.cache-4
7f017c166000-7f017c167000 r--s 00000000 fc:01 7871768                    /var/cache/fontconfig/c05880de57d1f5e948fdfacc138775d9-le64.cache-4
7f017c167000-7f017c172000 r--s 00000000 fc:01 7864404                    /var/cache/fontconfig/945677eb7aeaf62f1d50efc3fb3ec7d8-le64.cache-4
7f017c172000-7f017c174000 r--s 00000000 fc:01 7872755                    /var/cache/fontconfig/99e8ed0e538f840c565b6ed5dad60d56-le64.cache-4
7f017c174000-7f017c17d000 r--s 00000000 fc:01 7872752                    /var/cache/fontconfig/a6d8cf8e4ec09cdbc8633c31745a07dd-le64.cache-4
7f017c17d000-7f017c183000 r--s 00000000 fc:01 7864390                    /var/cache/fontconfig/2cd17615ca594fa2959ae173292e504c-le64.cache-4
7f017c183000-7f017c184000 r--s 00000000 fc:01 7864420                    /var/cache/fontconfig/e7071f4a29fa870f4323321c154eba04-le64.cache-4
7f017c184000-7f017c185000 r--s 00000000 fc:01 7864387                    /var/cache/fontconfig/0d8c3b2ac0904cb8a57a757ad11a4a08-le64.cache-4
7f017c185000-7f017c18c000 r--s 00000000 fc:01 7864407                    /var/cache/fontconfig/a755afe4a08bf5b97852ceb7400b47bc-le64.cache-4
7f017c18c000-7f017c1a0000 r--s 00000000 fc:01 7864385                    /var/cache/fontconfig/04aabc0a78ac019cf9454389977116d2-le64.cache-4
7f017c1a0000-7f017c1a1000 r--s 00000000 fc:01 7864389                    /var/cache/fontconfig/1ac9eb803944fde146138c791f5cc56a-le64.cache-4
7f017c1a1000-7f017c1a5000 r--s 00000000 fc:01 7864393                    /var/cache/fontconfig/385c0604a188198f04d133e54aba7fe7-le64.cache-4
7f017c1a5000-7f017c1a7000 r--s 00000000 fc:01 7864401                    /var/cache/fontconfig/767a8244fc0220cfb567a839d0392e0b-le64.cache-4
7f017c1a7000-7f017c1ac000 r--s 00000000 fc:01 7864403                    /var/cache/fontconfig/8801497958630a81b71ace7c5f9b32a8-le64.cache-4
7f017c1ac000-7f017c1e7000 r--s 00000000 fc:01 7866447                    /var/cache/fontconfig/365b55f210c0a22e9a19e35191240f32-le64.cache-4
7f017c1e7000-7f017c1f8000 r-xp 00000000 fc:01 28838442                   /usr/lib/x86_64-linux-gnu/libXext.so.6.4.0
7f017c1f8000-7f017c3f7000 ---p 00011000 fc:01 28838442                   /usr/lib/x86_64-linux-gnu/libXext.so.6.4.0
7f017c3f7000-7f017c3f8000 r--p 00010000 fc:01 28838442                   /usr/lib/x86_64-linux-gnu/libXext.so.6.4.0
7f017c3f8000-7f017c3f9000 rw-p 00011000 fc:01 28838442                   /usr/lib/x86_64-linux-gnu/libXext.so.6.4.0
7f017c3f9000-7f017c4ff000 r-xp 00000000 fc:01 20582245                   /lib/x86_64-linux-gnu/libglib-2.0.so.0.4002.0
7f017c4ff000-7f017c6fe000 ---p 00106000 fc:01 20582245                   /lib/x86_64-linux-gnu/libglib-2.0.so.0.4002.0
7f017c6fe000-7f017c6ff000 r--p 00105000 fc:01 20582245                   /lib/x86_64-linux-gnu/libglib-2.0.so.0.4002.0
7f017c6ff000-7f017c700000 rw-p 00106000 fc:01 20582245                   /lib/x86_64-linux-gnu/libglib-2.0.so.0.4002.0
7f017c700000-7f017c701000 rw-p 00000000 00:00 0 
7f017c701000-7f017c750000 r-xp 00000000 fc:01 28836205                   /usr/lib/x86_64-linux-gnu/libgobject-2.0.so.0.4002.0
7f017c750000-7f017c950000 ---p 0004f000 fc:01 28836205                   /usr/lib/x86_64-linux-gnu/libgobject-2.0.so.0.4002.0
7f017c950000-7f017c951000 r--p 0004f000 fc:01 28836205                   /usr/lib/x86_64-linux-gnu/libgobject-2.0.so.0.4002.0
7f017c951000-7f017c952000 rw-p 00050000 fc:01 28836205                   /usr/lib/x86_64-linux-gnu/libgobject-2.0.so.0.4002.0
7f017c952000-7f017c98c000 r-xp 00000000 fc:01 28842485                   /usr/lib/x86_64-linux-gnu/libfontconfig.so.1.8.0
7f017c98c000-7f017cb8b000 ---p 0003a000 fc:01 28842485                   /usr/lib/x86_64-linux-gnu/libfontconfig.so.1.8.0
7f017cb8b000-7f017cb8d000 r--p 00039000 fc:01 28842485                   /usr/lib/x86_64-linux-gnu/libfontconfig.so.1.8.0
7f017cb8d000-7f017cb8e000 rw-p 0003b000 fc:01 28842485                   /usr/lib/x86_64-linux-gnu/libfontconfig.so.1.8.0
7f017cb8e000-7f017cbd8000 r-xp 00000000 fc:01 28837439                   /usr/lib/x86_64-linux-gnu/libpango-1.0.so.0.3600.3
7f017cbd8000-7f017cdd8000 ---p 0004a000 fc:01 28837439                   /usr/lib/x86_64-linux-gnu/libpango-1.0.so.0.3600.3
7f017cdd8000-7f017cdda000 r--p 0004a000 fc:01 28837439                   /usr/lib/x86_64-linux-gnu/libpango-1.0.so.0.3600.3
7f017cdda000-7f017cddb000 rw-p 0004c000 fc:01 28837439                   /usr/lib/x86_64-linux-gnu/libpango-1.0.so.0.3600.3
7f017cddb000-7f017cdef000 r-xp 00000000 fc:01 28837444                   /usr/lib/x86_64-linux-gnu/libpangoft2-1.0.so.0.3600.3
7f017cdef000-7f017cfee000 ---p 00014000 fc:01 28837444                   /usr/lib/x86_64-linux-gnu/libpangoft2-1.0.so.0.3600.3
7f017cfee000-7f017cfef000 r--p 00013000 fc:01 28837444                   /usr/lib/x86_64-linux-gnu/libpangoft2-1.0.so.0.3600.3
7f017cfef000-7f017cff0000 rw-p 00014000 fc:01 28837444                   /usr/lib/x86_64-linux-gnu/libpangoft2-1.0.so.0.3600.3
7f017cff0000-7f017d15c000 r-xp 00000000 fc:01 28836208                   /usr/lib/x86_64-linux-gnu/libgio-2.0.so.0.4002.0
7f017d15c000-7f017d35b000 ---p 0016c000 fc:01 28836208                   /usr/lib/x86_64-linux-gnu/libgio-2.0.so.0.4002.0
7f017d35b000-7f017d35f000 r--p 0016b000 fc:01 28836208                   /usr/lib/x86_64-linux-gnu/libgio-2.0.so.0.4002.0
7f017d35f000-7f017d361000 rw-p 0016f000 fc:01 28836208                   /usr/lib/x86_64-linux-gnu/libgio-2.0.so.0.4002.0
7f017d361000-7f017d363000 rw-p 00000000 00:00 0 
7f017d363000-7f017d382000 r-xp 00000000 fc:01 28838380                   /usr/lib/x86_64-linux-gnu/libgdk_pixbuf-2.0.so.0.3000.7
7f017d382000-7f017d582000 ---p 0001f000 fc:01 28838380                   /usr/lib/x86_64-linux-gnu/libgdk_pixbuf-2.0.so.0.3000.7
7f017d582000-7f017d583000 r--p 0001f000 fc:01 28838380                   /usr/lib/x86_64-linux-gnu/libgdk_pixbuf-2.0.so.0.3000.7
7f017d583000-7f017d584000 rw-p 00020000 fc:01 28838380                   /usr/lib/x86_64-linux-gnu/libgdk_pixbuf-2.0.so.0.3000.7
7f017d584000-7f017d68a000 r-xp 00000000 fc:01 28836643                   /usr/lib/x86_64-linux-gnu/libcairo.so.2.11301.0
7f017d68a000-7f017d889000 ---p 00106000 fc:01 28836643                   /usr/lib/x86_64-linux-gnu/libcairo.so.2.11301.0
7f017d889000-7f017d88c000 r--p 00105000 fc:01 28836643                   /usr/lib/x86_64-linux-gnu/libcairo.so.2.11301.0
7f017d88c000-7f017d88d000 rw-p 00108000 fc:01 28836643                   /usr/lib/x86_64-linux-gnu/libcairo.so.2.11301.0
7f017d88d000-7f017d88f000 rw-p 00000000 00:00 0 
7f017d88f000-7f017d8ae000 r-xp 00000000 fc:01 28842308                   /usr/lib/x86_64-linux-gnu/libatk-1.0.so.0.21009.1
7f017d8ae000-7f017daae000 ---p 0001f000 fc:01 28842308                   /usr/lib/x86_64-linux-gnu/libatk-1.0.so.0.21009.1
7f017daae000-7f017dab0000 r--p 0001f000 fc:01 28842308                   /usr/lib/x86_64-linux-gnu/libatk-1.0.so.0.21009.1
7f017dab0000-7f017dab1000 rw-p 00021000 fc:01 28842308                   /usr/lib/x86_64-linux-gnu/libatk-1.0.so.0.21009.1
7f017dab1000-7f017dab6000 r-xp 00000000 fc:01 28850284                   /usr/lib/x86_64-linux-gnu/libXfixes.so.3.1.0
7f017dab6000-7f017dcb5000 ---p 00005000 fc:01 28850284                   /usr/lib/x86_64-linux-gnu/libXfixes.so.3.1.0
7f017dcb5000-7f017dcb6000 r--p 00004000 fc:01 28850284                   /usr/lib/x86_64-linux-gnu/libXfixes.so.3.1.0
7f017dcb6000-7f017dcb7000 rw-p 00005000 fc:01 28850284                   /usr/lib/x86_64-linux-gnu/libXfixes.so.3.1.0
7f017dcb7000-7f017dde7000 r-xp 00000000 fc:01 28842217                   /usr/lib/x86_64-linux-gnu/libX11.so.6.3.0
7f017dde7000-7f017dfe7000 ---p 00130000 fc:01 28842217                   /usr/lib/x86_64-linux-gnu/libX11.so.6.3.0
7f017dfe7000-7f017dfe8000 r--p 00130000 fc:01 28842217                   /usr/lib/x86_64-linux-gnu/libX11.so.6.3.0
7f017dfe8000-7f017dfec000 rw-p 00131000 fc:01 28842217                   /usr/lib/x86_64-linux-gnu/libX11.so.6.3.0
7f017dfec000-7f017dff7000 r-xp 00000000 fc:01 28837437                   /usr/lib/x86_64-linux-gnu/libpangocairo-1.0.so.0.3600.3
7f017dff7000-7f017e1f7000 ---p 0000b000 fc:01 28837437                   /usr/lib/x86_64-linux-gnu/libpangocairo-1.0.so.0.3600.3
7f017e1f7000-7f017e1f8000 r--p 0000b000 fc:01 28837437                   /usr/lib/x86_64-linux-gnu/libpangocairo-1.0.so.0.3600.3
7f017e1f8000-7f017e1f9000 rw-p 0000c000 fc:01 28837437                   /usr/lib/x86_64-linux-gnu/libpangocairo-1.0.so.0.3600.3
7f017e1f9000-7f017e1fc000 r-xp 00000000 fc:01 28836184                   /usr/lib/x86_64-linux-gnu/libgmodule-2.0.so.0.4002.0
7f017e1fc000-7f017e3fb000 ---p 00003000 fc:01 28836184                   /usr/lib/x86_64-linux-gnu/libgmodule-2.0.so.0.4002.0
7f017e3fb000-7f017e3fc000 r--p 00002000 fc:01 28836184                   /usr/lib/x86_64-linux-gnu/libgmodule-2.0.so.0.4002.0
7f017e3fc000-7f017e3fd000 rw-p 00003000 fc:01 28836184                   /usr/lib/x86_64-linux-gnu/libgmodule-2.0.so.0.4002.0
7f017e3fd000-7f017e4ab000 r-xp 00000000 fc:01 28838105                   /usr/lib/x86_64-linux-gnu/libgdk-x11-2.0.so.0.2400.23
7f017e4ab000-7f017e6aa000 ---p 000ae000 fc:01 28838105                   /usr/lib/x86_64-linux-gnu/libgdk-x11-2.0.so.0.2400.23
7f017e6aa000-7f017e6ae000 r--p 000ad000 fc:01 28838105                   /usr/lib/x86_64-linux-gnu/libgdk-x11-2.0.so.0.2400.23
7f017e6ae000-7f017e6b0000 rw-p 000b1000 fc:01 28838105                   /usr/lib/x86_64-linux-gnu/libgdk-x11-2.0.so.0.2400.23
7f017e6b0000-7f017e6b5000 r-xp 00000000 fc:01 28842262                   /usr/lib/x86_64-linux-gnu/libXtst.so.6.1.0
7f017e6b5000-7f017e8b4000 ---p 00005000 fc:01 28842262                   /usr/lib/x86_64-linux-gnu/libXtst.so.6.1.0
7f017e8b4000-7f017e8b5000 r--p 00004000 fc:01 28842262                   /usr/lib/x86_64-linux-gnu/libXtst.so.6.1.0
7f017e8b5000-7f017e8b6000 rw-p 00005000 fc:01 28842262                   /usr/lib/x86_64-linux-gnu/libXtst.so.6.1.0
7f017e8b6000-7f017e8b7000 r-xp 00000000 fc:01 28836207                   /usr/lib/x86_64-linux-gnu/libgthread-2.0.so.0.4002.0
7f017e8b7000-7f017eab6000 ---p 00001000 fc:01 28836207                   /usr/lib/x86_64-linux-gnu/libgthread-2.0.so.0.4002.0
7f017eab6000-7f017eab7000 r--p 00000000 fc:01 28836207                   /usr/lib/x86_64-linux-gnu/libgthread-2.0.so.0.4002.0
7f017eab7000-7f017eab8000 rw-p 00001000 fc:01 28836207                   /usr/lib/x86_64-linux-gnu/libgthread-2.0.so.0.4002.0
7f017eab8000-7f017eee8000 r-xp 00000000 fc:01 28838507                   /usr/lib/x86_64-linux-gnu/libgtk-x11-2.0.so.0.2400.23
7f017eee8000-7f017f0e7000 ---p 00430000 fc:01 28838507                   /usr/lib/x86_64-linux-gnu/libgtk-x11-2.0.so.0.2400.23
7f017f0e7000-7f017f0ee000 r--p 0042f000 fc:01 28838507                   /usr/lib/x86_64-linux-gnu/libgtk-x11-2.0.so.0.2400.23
7f017f0ee000-7f017f0f2000 rw-p 00436000 fc:01 28838507                   /usr/lib/x86_64-linux-gnu/libgtk-x11-2.0.so.0.2400.23
7f017f0f2000-7f017f0f5000 rw-p 00000000 00:00 0 
7f017f0f5000-7f017f167000 r-xp 00000000 fc:01 11535031                   /home/simon/.swt/lib/linux/x86_64/libswt-pi-gtk-4332.so
7f017f167000-7f017f367000 ---p 00072000 fc:01 11535031                   /home/simon/.swt/lib/linux/x86_64/libswt-pi-gtk-4332.so
7f017f367000-7f017f369000 rw-p 00072000 fc:01 11535031                   /home/simon/.swt/lib/linux/x86_64/libswt-pi-gtk-4332.so
7f017f369000-7f017f36c000 rw-p 00000000 00:00 0 
7f017f36c000-7f017f3ea000 r-xp 00000000 fc:01 11535030                   /home/simon/.swt/lib/linux/x86_64/libswt-gtk-4332.so
7f017f3ea000-7f017f5e9000 ---p 0007e000 fc:01 11535030                   /home/simon/.swt/lib/linux/x86_64/libswt-gtk-4332.so
7f017f5e9000-7f017f5f1000 rw-p 0007d000 fc:01 11535030                   /home/simon/.swt/lib/linux/x86_64/libswt-gtk-4332.so
7f017f5f1000-7f017f5f3000 rw-p 00000000 00:00 0 
7f017f5f3000-7f017f5f4000 ---p 00000000 00:00 0 
7f017f5f4000-7f017f6f4000 rw-p 00000000 00:00 0                          [stack:8798]
7f017f6f4000-7f017f6f7000 ---p 00000000 00:00 0 
7f017f6f7000-7f017f7f5000 rw-p 00000000 00:00 0                          [stack:8797]
7f017f7f5000-7f017f7f8000 ---p 00000000 00:00 0 
7f017f7f8000-7f017f8f6000 rw-p 00000000 00:00 0                          [stack:8796]
7f017f8f6000-7f017f8f9000 ---p 00000000 00:00 0 
7f017f8f9000-7f017f9f7000 rw-p 00000000 00:00 0                          [stack:8795]
7f017f9f7000-7f017f9fa000 ---p 00000000 00:00 0 
7f017f9fa000-7f017faf8000 rw-p 00000000 00:00 0                          [stack:8792]
7f017faf8000-7f017fafb000 ---p 00000000 00:00 0 
7f017fafb000-7f017fbf9000 rw-p 00000000 00:00 0                          [stack:8790]
7f017fbf9000-7f017fbfc000 ---p 00000000 00:00 0 
7f017fbfc000-7f017fcfa000 rw-p 00000000 00:00 0                          [stack:8788]
7f017fcfa000-7f017fcfe000 r-xp 00000000 fc:01 12087030                   /usr/lib/jvm/java-7-openjdk-amd64/jre/lib/amd64/libdt_socket.so
7f017fcfe000-7f017fefd000 ---p 00004000 fc:01 12087030                   /usr/lib/jvm/java-7-openjdk-amd64/jre/lib/amd64/libdt_socket.so
7f017fefd000-7f017fefe000 r--p 00003000 fc:01 12087030                   /usr/lib/jvm/java-7-openjdk-amd64/jre/lib/amd64/libdt_socket.so
7f017fefe000-7f017feff000 rw-p 00004000 fc:01 12087030                   /usr/lib/jvm/java-7-openjdk-amd64/jre/lib/amd64/libdt_socket.so
7f017feff000-7f017ff02000 ---p 00000000 00:00 0 
7f017ff02000-7f0180000000 rw-p 00000000 00:00 0                          [stack:8786]
7f0180000000-7f0180021000 rw-p 00000000 00:00 0 
7f0180021000-7f0184000000 ---p 00000000 00:00 0 
7f0184000000-7f0184001000 r--s 00000000 fc:01 7864417                    /var/cache/fontconfig/dc05db6664285cc2f12bf69c139ae4c3-le64.cache-4
7f0184001000-7f0184002000 r--s 00000000 fc:01 7869715                    /var/cache/fontconfig/4794a0821666d79190d59a36cb4f44b5-le64.cache-4
7f0184002000-7f0184006000 r--s 00000000 fc:01 7874622                    /var/cache/fontconfig/c57959a16110560c8d0fcea73374aeeb-le64.cache-4
7f0184006000-7f018400d000 r--s 00000000 fc:01 7864391                    /var/cache/fontconfig/3047814df9a2f067bd2d96a2b9c36e5a-le64.cache-4
7f018400d000-7f0184013000 r--s 00000000 fc:01 7864408                    /var/cache/fontconfig/b47c4e1ecd0709278f4910c18777a504-le64.cache-4
7f0184013000-7f018401c000 r--s 00000000 fc:01 7872751                    /var/cache/fontconfig/52f7bdb7ce746bfd7eaa1985bd9cfa93-le64.cache-4
7f018401c000-7f018401f000 r--s 00000000 fc:01 7871767                    /var/cache/fontconfig/e49e89034d371f0f9de17aab02136486-le64.cache-4
7f018401f000-7f0184032000 r--s 00000000 fc:01 7864414                    /var/cache/fontconfig/d52a8644073d54c13679302ca1180695-le64.cache-4
7f0184032000-7f018403b000 r--s 00000000 fc:01 7873924                    /var/cache/fontconfig/3f7329c5293ffd510edef78f73874cfd-le64.cache-4
7f018403b000-7f0184046000 r--s 00000000 fc:01 7864412                    /var/cache/fontconfig/d589a48862398ed80a3d6066f4f56f4c-le64.cache-4
7f0184046000-7f018405d000 r--s 00000000 fc:01 7871733                    /var/cache/fontconfig/e13b20fdb08344e0e664864cc2ede53d-le64.cache-4
7f018405d000-7f018406a000 r--s 00000000 fc:01 7874624                    /var/cache/fontconfig/8f02d4cb045bd6ce15663e43f347c9f8-le64.cache-4
7f018406a000-7f0184088000 r--s 00000000 fc:01 7874385                    /var/cache/fontconfig/467c019e582ee353435ea5c21d137ef6-le64.cache-4
7f0184088000-7f01840a2000 r--p 00000000 fc:01 30152046                   /usr/share/locale-langpack/de/LC_MESSAGES/glib20.mo
7f01840a2000-7f01840cb000 r--p 00000000 fc:01 30152239                   /usr/share/locale-langpack/de/LC_MESSAGES/gtk20-properties.mo
7f01840cb000-7f01840f1000 r--p 00000000 fc:01 30164815                   /usr/share/locale-langpack/de/LC_MESSAGES/libc.mo
7f01840f1000-7f01840f4000 ---p 00000000 00:00 0 
7f01840f4000-7f01841f2000 rw-p 00000000 00:00 0                          [stack:8785]
7f01841f2000-7f01841f5000 ---p 00000000 00:00 0 
7f01841f5000-7f01842f3000 rw-p 00000000 00:00 0                          [stack:8784]
7f01842f3000-7f01842f4000 ---p 00000000 00:00 0 
7f01842f4000-7f0185000000 rw-p 00000000 00:00 0                          [stack:8783]
7f0185000000-7f0185270000 rwxp 00000000 00:00 0 
7f0185270000-7f0188837000 rw-p 00000000 00:00 0 
7f0188837000-7f018c000000 ---p 00000000 00:00 0 
7f018c000000-7f018c001000 r--s 00000000 fc:01 7864397                    /var/cache/fontconfig/56cf4f4769d0f4abc89a4895d7bd3ae1-le64.cache-4
7f018c001000-7f018c002000 r--s 00000000 fc:01 7864409                    /var/cache/fontconfig/b9d506c9ac06c20b433354fa67a72993-le64.cache-4
7f018c002000-7f018c004000 r--s 00000000 fc:01 7871765                    /var/cache/fontconfig/4b14b093aebc79c320de5e86ae1d3314-le64.cache-4
7f018c004000-7f018c005000 r--s 00000000 fc:01 7864386                    /var/cache/fontconfig/0c9eb80ebd1c36541ebe2852d3bb0c49-le64.cache-4
7f018c005000-7f018c00c000 r--s 00000000 fc:01 29110808                   /usr/lib/x86_64-linux-gnu/gconv/gconv-modules.cache
7f018c00c000-7f018c022000 r--s 001b5000 fc:01 5243185                    /home/simon/Dokumente/Code/Elipse/workspace/org.eclipse.swt/swt.jar
7f018c022000-7f018c413000 rw-p 00000000 00:00 0 
7f018c413000-7f018c5c4000 r--s 01d29000 fc:01 12082275                   /usr/lib/jvm/java-7-openjdk-amd64/jre/lib/rt.jar
7f018c5c4000-7f018cb07000 rw-p 00000000 00:00 0 
7f018cb07000-7f018cb08000 ---p 00000000 00:00 0 
7f018cb08000-7f018cc08000 rw-p 00000000 00:00 0                          [stack:8781]
7f018cc08000-7f018cc09000 ---p 00000000 00:00 0 
7f018cc09000-7f018cd09000 rw-p 00000000 00:00 0                          [stack:8780]
7f018cd09000-7f018cd0a000 ---p 00000000 00:00 0 
7f018cd0a000-7f018ce0a000 rw-p 00000000 00:00 0                          [stack:8779]
7f018ce0a000-7f018ce0b000 ---p 00000000 00:00 0 
7f018ce0b000-7f018cf16000 rw-p 00000000 00:00 0                          [stack:8778]
7f018cf16000-7f018cf5e000 rw-p 00000000 00:00 0 
7f018cf5e000-7f018cf87000 rw-p 00000000 00:00 0 
7f018cf87000-7f018d1e7000 rw-p 00000000 00:00 0 
7f018d1e7000-7f018d1f2000 rw-p 00000000 00:00 0 
7f018d1f2000-7f018d23a000 rw-p 00000000 00:00 0 
7f018d23a000-7f018d263000 rw-p 00000000 00:00 0 
7f018d263000-7f018d4c2000 rw-p 00000000 00:00 0 
7f018d4c2000-7f018d505000 rw-p 00000000 00:00 0 
7f018d505000-7f018d607000 rw-p 00000000 00:00 0 
7f018d607000-7f018d608000 rw-p 00000000 00:00 0 
7f018d608000-7f018d610000 r-xp 00000000 fc:01 12083416                   /usr/lib/jvm/java-7-openjdk-amd64/jre/lib/amd64/libzip.so
7f018d610000-7f018d80f000 ---p 00008000 fc:01 12083416                   /usr/lib/jvm/java-7-openjdk-amd64/jre/lib/amd64/libzip.so
7f018d80f000-7f018d810000 r--p 00007000 fc:01 12083416                   /usr/lib/jvm/java-7-openjdk-amd64/jre/lib/amd64/libzip.so
7f018d810000-7f018d811000 rw-p 00008000 fc:01 12083416                   /usr/lib/jvm/java-7-openjdk-amd64/jre/lib/amd64/libzip.so
7f018d811000-7f018d81c000 r-xp 00000000 fc:01 20579283                   /lib/x86_64-linux-gnu/libnss_files-2.19.so
7f018d81c000-7f018da1b000 ---p 0000b000 fc:01 20579283                   /lib/x86_64-linux-gnu/libnss_files-2.19.so
7f018da1b000-7f018da1c000 r--p 0000a000 fc:01 20579283                   /lib/x86_64-linux-gnu/libnss_files-2.19.so
7f018da1c000-7f018da1d000 rw-p 0000b000 fc:01 20579283                   /lib/x86_64-linux-gnu/libnss_files-2.19.so
7f018da1d000-7f018da28000 r-xp 00000000 fc:01 20582167                   /lib/x86_64-linux-gnu/libnss_nis-2.19.so
7f018da28000-7f018dc27000 ---p 0000b000 fc:01 20582167                   /lib/x86_64-linux-gnu/libnss_nis-2.19.so
7f018dc27000-7f018dc28000 r--p 0000a000 fc:01 20582167                   /lib/x86_64-linux-gnu/libnss_nis-2.19.so
7f018dc28000-7f018dc29000 rw-p 0000b000 fc:01 20582167                   /lib/x86_64-linux-gnu/libnss_nis-2.19.so
7f018dc29000-7f018dc40000 r-xp 00000000 fc:01 20582151                   /lib/x86_64-linux-gnu/libnsl-2.19.so
7f018dc40000-7f018de3f000 ---p 00017000 fc:01 20582151                   /lib/x86_64-linux-gnu/libnsl-2.19.so
7f018de3f000-7f018de40000 r--p 00016000 fc:01 20582151                   /lib/x86_64-linux-gnu/libnsl-2.19.so
7f018de40000-7f018de41000 rw-p 00017000 fc:01 20582151                   /lib/x86_64-linux-gnu/libnsl-2.19.so
7f018de41000-7f018de43000 rw-p 00000000 00:00 0 
7f018de43000-7f018de4c000 r-xp 00000000 fc:01 20582149                   /lib/x86_64-linux-gnu/libnss_compat-2.19.so
7f018de4c000-7f018e04b000 ---p 00009000 fc:01 20582149                   /lib/x86_64-linux-gnu/libnss_compat-2.19.so
7f018e04b000-7f018e04c000 r--p 00008000 fc:01 20582149                   /lib/x86_64-linux-gnu/libnss_compat-2.19.so
7f018e04c000-7f018e04d000 rw-p 00009000 fc:01 20582149                   /lib/x86_64-linux-gnu/libnss_compat-2.19.so
7f018e04d000-7f018ea1b000 r--p 00000000 fc:01 28840695                   /usr/lib/locale/locale-archive
7f018ea1b000-7f018ea1e000 r-xp 00000000 fc:01 12083667                   /usr/lib/jvm/java-7-openjdk-amd64/jre/lib/amd64/libnpt.so
7f018ea1e000-7f018ec1d000 ---p 00003000 fc:01 12083667                   /usr/lib/jvm/java-7-openjdk-amd64/jre/lib/amd64/libnpt.so
7f018ec1d000-7f018ec1e000 r--p 00002000 fc:01 12083667                   /usr/lib/jvm/java-7-openjdk-amd64/jre/lib/amd64/libnpt.so
7f018ec1e000-7f018ec1f000 rw-p 00003000 fc:01 12083667                   /usr/lib/jvm/java-7-openjdk-amd64/jre/lib/amd64/libnpt.so
7f018ec1f000-7f018ec59000 r-xp 00000000 fc:01 12083663                   /usr/lib/jvm/java-7-openjdk-amd64/jre/lib/amd64/libjdwp.so
7f018ec59000-7f018ee58000 ---p 0003a000 fc:01 12083663                   /usr/lib/jvm/java-7-openjdk-amd64/jre/lib/amd64/libjdwp.so
7f018ee58000-7f018ee59000 r--p 00039000 fc:01 12083663                   /usr/lib/jvm/java-7-openjdk-amd64/jre/lib/amd64/libjdwp.so
7f018ee59000-7f018ee5a000 rw-p 0003a000 fc:01 12083663                   /usr/lib/jvm/java-7-openjdk-amd64/jre/lib/amd64/libjdwp.so
7f018ee5a000-7f018ee85000 r-xp 00000000 fc:01 12087047                   /usr/lib/jvm/java-7-openjdk-amd64/jre/lib/amd64/libjava.so
7f018ee85000-7f018f084000 ---p 0002b000 fc:01 12087047                   /usr/lib/jvm/java-7-openjdk-amd64/jre/lib/amd64/libjava.so
7f018f084000-7f018f085000 r--p 0002a000 fc:01 12087047                   /usr/lib/jvm/java-7-openjdk-amd64/jre/lib/amd64/libjava.so
7f018f085000-7f018f087000 rw-p 0002b000 fc:01 12087047                   /usr/lib/jvm/java-7-openjdk-amd64/jre/lib/amd64/libjava.so
7f018f087000-7f018f097000 r-xp 00000000 fc:01 12083665                   /usr/lib/jvm/java-7-openjdk-amd64/jre/lib/amd64/libverify.so
7f018f097000-7f018f296000 ---p 00010000 fc:01 12083665                   /usr/lib/jvm/java-7-openjdk-amd64/jre/lib/amd64/libverify.so
7f018f296000-7f018f298000 r--p 0000f000 fc:01 12083665                   /usr/lib/jvm/java-7-openjdk-amd64/jre/lib/amd64/libverify.so
7f018f298000-7f018f299000 rw-p 00011000 fc:01 12083665                   /usr/lib/jvm/java-7-openjdk-amd64/jre/lib/amd64/libverify.so
7f018f299000-7f018f2a0000 r-xp 00000000 fc:01 20582164                   /lib/x86_64-linux-gnu/librt-2.19.so
7f018f2a0000-7f018f49f000 ---p 00007000 fc:01 20582164                   /lib/x86_64-linux-gnu/librt-2.19.so
7f018f49f000-7f018f4a0000 r--p 00006000 fc:01 20582164                   /lib/x86_64-linux-gnu/librt-2.19.so
7f018f4a0000-7f018f4a1000 rw-p 00007000 fc:01 20582164                   /lib/x86_64-linux-gnu/librt-2.19.so
7f018f4a1000-7f018f4b7000 r-xp 00000000 fc:01 20579308                   /lib/x86_64-linux-gnu/libgcc_s.so.1
7f018f4b7000-7f018f6b6000 ---p 00016000 fc:01 20579308                   /lib/x86_64-linux-gnu/libgcc_s.so.1
7f018f6b6000-7f018f6b7000 rw-p 00015000 fc:01 20579308                   /lib/x86_64-linux-gnu/libgcc_s.so.1
7f018f6b7000-7f018f7bc000 r-xp 00000000 fc:01 20579282                   /lib/x86_64-linux-gnu/libm-2.19.so
7f018f7bc000-7f018f9bb000 ---p 00105000 fc:01 20579282                   /lib/x86_64-linux-gnu/libm-2.19.so
7f018f9bb000-7f018f9bc000 r--p 00104000 fc:01 20579282                   /lib/x86_64-linux-gnu/libm-2.19.so
7f018f9bc000-7f018f9bd000 rw-p 00105000 fc:01 20579282                   /lib/x86_64-linux-gnu/libm-2.19.so
7f018f9bd000-7f018faa3000 r-xp 00000000 fc:01 28839672                   /usr/lib/x86_64-linux-gnu/libstdc++.so.6.0.19
7f018faa3000-7f018fca2000 ---p 000e6000 fc:01 28839672                   /usr/lib/x86_64-linux-gnu/libstdc++.so.6.0.19
7f018fca2000-7f018fcaa000 r--p 000e5000 fc:01 28839672                   /usr/lib/x86_64-linux-gnu/libstdc++.so.6.0.19
7f018fcaa000-7f018fcac000 rw-p 000ed000 fc:01 28839672                   /usr/lib/x86_64-linux-gnu/libstdc++.so.6.0.19
7f018fcac000-7f018fcc1000 rw-p 00000000 00:00 0 
7f018fcc1000-7f01907da000 r-xp 00000000 fc:01 12083420                   /usr/lib/jvm/java-7-openjdk-amd64/jre/lib/amd64/server/libjvm.so
7f01907da000-7f01909da000 ---p 00b19000 fc:01 12083420                   /usr/lib/jvm/java-7-openjdk-amd64/jre/lib/amd64/server/libjvm.so
7f01909da000-7f0190a74000 r--p 00b19000 fc:01 12083420                   /usr/lib/jvm/java-7-openjdk-amd64/jre/lib/amd64/server/libjvm.so
7f0190a74000-7f0190a97000 rw-p 00bb3000 fc:01 12083420                   /usr/lib/jvm/java-7-openjdk-amd64/jre/lib/amd64/server/libjvm.so
7f0190a97000-7f0190ac5000 rw-p 00000000 00:00 0 
7f0190ac5000-7f0190add000 r-xp 00000000 fc:01 20582437                   /lib/x86_64-linux-gnu/libz.so.1.2.8
7f0190add000-7f0190cdc000 ---p 00018000 fc:01 20582437                   /lib/x86_64-linux-gnu/libz.so.1.2.8
7f0190cdc000-7f0190cdd000 r--p 00017000 fc:01 20582437                   /lib/x86_64-linux-gnu/libz.so.1.2.8
7f0190cdd000-7f0190cde000 rw-p 00018000 fc:01 20582437                   /lib/x86_64-linux-gnu/libz.so.1.2.8
7f0190cde000-7f0190cf7000 r-xp 00000000 fc:01 20582162                   /lib/x86_64-linux-gnu/libpthread-2.19.so
7f0190cf7000-7f0190ef6000 ---p 00019000 fc:01 20582162                   /lib/x86_64-linux-gnu/libpthread-2.19.so
7f0190ef6000-7f0190ef7000 r--p 00018000 fc:01 20582162                   /lib/x86_64-linux-gnu/libpthread-2.19.so
7f0190ef7000-7f0190ef8000 rw-p 00019000 fc:01 20582162                   /lib/x86_64-linux-gnu/libpthread-2.19.so
7f0190ef8000-7f0190efc000 rw-p 00000000 00:00 0 
7f0190efc000-7f0190eff000 r-xp 00000000 fc:01 20579286                   /lib/x86_64-linux-gnu/libdl-2.19.so
7f0190eff000-7f01910fe000 ---p 00003000 fc:01 20579286                   /lib/x86_64-linux-gnu/libdl-2.19.so
7f01910fe000-7f01910ff000 r--p 00002000 fc:01 20579286                   /lib/x86_64-linux-gnu/libdl-2.19.so
7f01910ff000-7f0191100000 rw-p 00003000 fc:01 20579286                   /lib/x86_64-linux-gnu/libdl-2.19.so
7f0191100000-7f01912bb000 r-xp 00000000 fc:01 20582161                   /lib/x86_64-linux-gnu/libc-2.19.so
7f01912bb000-7f01914ba000 ---p 001bb000 fc:01 20582161                   /lib/x86_64-linux-gnu/libc-2.19.so
7f01914ba000-7f01914be000 r--p 001ba000 fc:01 20582161                   /lib/x86_64-linux-gnu/libc-2.19.so
7f01914be000-7f01914c0000 rw-p 001be000 fc:01 20582161                   /lib/x86_64-linux-gnu/libc-2.19.so
7f01914c0000-7f01914c5000 rw-p 00000000 00:00 0 
7f01914c5000-7f01914d2000 r-xp 00000000 fc:01 12083418                   /usr/lib/jvm/java-7-openjdk-amd64/jre/lib/amd64/jli/libjli.so
7f01914d2000-7f01916d1000 ---p 0000d000 fc:01 12083418                   /usr/lib/jvm/java-7-openjdk-amd64/jre/lib/amd64/jli/libjli.so
7f01916d1000-7f01916d2000 r--p 0000c000 fc:01 12083418                   /usr/lib/jvm/java-7-openjdk-amd64/jre/lib/amd64/jli/libjli.so
7f01916d2000-7f01916d3000 rw-p 0000d000 fc:01 12083418                   /usr/lib/jvm/java-7-openjdk-amd64/jre/lib/amd64/jli/libjli.so
7f01916d3000-7f01916f6000 r-xp 00000000 fc:01 20582155                   /lib/x86_64-linux-gnu/ld-2.19.so
7f01916f6000-7f01916fa000 r--s 00000000 fc:01 7869716                    /var/cache/fontconfig/7ef2298fde41cc6eeb7af42e48b7d293-le64.cache-4
7f01916fa000-7f0191709000 r--p 00000000 fc:01 30151932                   /usr/share/locale-langpack/de/LC_MESSAGES/gtk20.mo
7f0191709000-7f0191713000 rw-p 00000000 00:00 0 
7f0191713000-7f01917c9000 rw-p 00000000 00:00 0 
7f01917c9000-7f01917cc000 ---p 00000000 00:00 0 
7f01917cc000-7f01918cf000 rw-p 00000000 00:00 0                          [stack:8776]
7f01918cf000-7f01918d1000 r--s 00000000 fc:01 7874629                    /var/cache/fontconfig/16326683038b281783a0ef8c680e3a10-le64.cache-4
7f01918d1000-7f01918d2000 r--s 00000000 fc:01 7874623                    /var/cache/fontconfig/e0aa53bcfa504e64f87823c16bc01eb6-le64.cache-4
7f01918d2000-7f01918d3000 r--s 00000000 fc:01 27672808                   /home/simon/.cache/fontconfig/627edcdd8496a4aeec3d5abff8fd5378-le64.cache-4
7f01918d3000-7f01918d5000 r--s 00000000 fc:01 27660019                   /home/simon/.cache/fontconfig/7c668e74afb16333c8b1f40ce37ee88e-le64.cache-4
7f01918d5000-7f01918d9000 r--s 00085000 fc:01 12082418                   /usr/lib/jvm/java-7-openjdk-amd64/jre/lib/ext/localedata.jar
7f01918d9000-7f01918dd000 r--s 0003c000 fc:01 12082446                   /usr/lib/jvm/java-7-openjdk-amd64/jre/lib/ext/sunpkcs11.jar
7f01918dd000-7f01918df000 r--s 00012000 fc:01 12082450                   /usr/lib/jvm/java-7-openjdk-amd64/jre/lib/ext/zipfs.jar
7f01918df000-7f01918e2000 r--s 0000f000 fc:01 12082448                   /usr/lib/jvm/java-7-openjdk-amd64/jre/lib/ext/icedtea-sound.jar
7f01918e2000-7f01918e6000 r--s 00034000 fc:01 12082422                   /usr/lib/jvm/java-7-openjdk-amd64/jre/lib/ext/sunjce_provider.jar
7f01918e6000-7f01918e7000 r--s 00002000 fc:01 12082420                   /usr/lib/jvm/java-7-openjdk-amd64/jre/lib/ext/dnsns.jar
7f01918e7000-7f01918e9000 r--s 00006000 fc:01 29103442                   /usr/share/java/java-atk-wrapper.jar
7f01918e9000-7f01918f1000 rw-s 00000000 fc:01 26607650                   /tmp/hsperfdata_simon/8771
7f01918f1000-7f01918f2000 rw-p 00000000 00:00 0 
7f01918f2000-7f01918f3000 r--p 00000000 00:00 0 
7f01918f3000-7f01918f5000 rw-p 00000000 00:00 0 
7f01918f5000-7f01918f6000 r--p 00022000 fc:01 20582155                   /lib/x86_64-linux-gnu/ld-2.19.so
7f01918f6000-7f01918f7000 rw-p 00023000 fc:01 20582155                   /lib/x86_64-linux-gnu/ld-2.19.so
7f01918f7000-7f01918f8000 rw-p 00000000 00:00 0 
7ffda4389000-7ffda43aa000 rw-p 00000000 00:00 0                          [stack]
7ffda43d9000-7ffda43db000 r-xp 00000000 00:00 0                          [vdso]
ffffffffff600000-ffffffffff601000 r-xp 00000000 00:00 0                  [vsyscall]

VM Arguments:
jvm_args: -agentlib:jdwp=transport=dt_socket,suspend=y,address=localhost:35847 -Djava.library.path=/home/simon/Dokumente/Code/Elipse/workspace/org.eclipse.swt -Dfile.encoding=UTF-8 
java_command: ch.ethz.inspire.emod.EModMain
Launcher Type: SUN_STANDARD

Environment Variables:
PATH=/usr/local/CodeBench_1802_EABI/bin:/usr/local/sbin:/usr/local/bin:/usr/sbin:/usr/bin:/sbin:/bin:/usr/games:/usr/local/games
SHELL=/bin/bash
DISPLAY=:0.0

Signal Handlers:
SIGSEGV: [libjvm.so+0x94bab0], sa_mask[0]=0x7ffbfeff, sa_flags=0x10000004
SIGBUS: [libjvm.so+0x94bab0], sa_mask[0]=0x7ffbfeff, sa_flags=0x10000004
SIGFPE: [libjvm.so+0x7c38b0], sa_mask[0]=0x7ffbfeff, sa_flags=0x10000004
SIGPIPE: SIG_IGN, sa_mask[0]=0x00001000, sa_flags=0x10000000
SIGXFSZ: [libjvm.so+0x7c38b0], sa_mask[0]=0x7ffbfeff, sa_flags=0x10000004
SIGILL: [libjvm.so+0x7c38b0], sa_mask[0]=0x7ffbfeff, sa_flags=0x10000004
SIGUSR1: SIG_DFL, sa_mask[0]=0x00000000, sa_flags=0x00000000
SIGUSR2: [libjvm.so+0x7c3750], sa_mask[0]=0x00000004, sa_flags=0x10000004
SIGHUP: [libjvm.so+0x7c3930], sa_mask[0]=0x7ffbfeff, sa_flags=0x10000004
SIGINT: [libjvm.so+0x7c3930], sa_mask[0]=0x7ffbfeff, sa_flags=0x10000004
SIGTERM: [libjvm.so+0x7c3930], sa_mask[0]=0x7ffbfeff, sa_flags=0x10000004
SIGQUIT: [libjvm.so+0x7c3930], sa_mask[0]=0x7ffbfeff, sa_flags=0x10000004
SIGTRAP: SIG_DFL, sa_mask[0]=0x00000000, sa_flags=0x00000000


---------------  S Y S T E M  ---------------

OS:Ubuntu 14.04 (trusty)
uname:Linux 3.13.0-65-generic #105-Ubuntu SMP Mon Sep 21 18:50:58 UTC 2015 x86_64
libc:glibc 2.19 NPTL 2.19 
rlimit: STACK 8192k, CORE 0k, NPROC 61998, NOFILE 4096, AS infinity
load average:0.45 0.39 0.27

/proc/meminfo:
MemTotal:        7967972 kB
MemFree:         4419808 kB
Buffers:          232104 kB
Cached:          1524400 kB
SwapCached:            0 kB
Active:          2085940 kB
Inactive:        1141148 kB
Active(anon):    1471776 kB
Inactive(anon):   274332 kB
Active(file):     614164 kB
Inactive(file):   866816 kB
Unevictable:          80 kB
Mlocked:              80 kB
SwapTotal:       8175612 kB
SwapFree:        8175612 kB
Dirty:                88 kB
Writeback:             0 kB
AnonPages:       1470636 kB
Mapped:           323892 kB
Shmem:            275528 kB
Slab:             207656 kB
SReclaimable:     174296 kB
SUnreclaim:        33360 kB
KernelStack:        3928 kB
PageTables:        33876 kB
NFS_Unstable:          0 kB
Bounce:                0 kB
WritebackTmp:          0 kB
CommitLimit:    12159596 kB
Committed_AS:    4055704 kB
VmallocTotal:   34359738367 kB
VmallocUsed:      553816 kB
VmallocChunk:   34359172236 kB
HardwareCorrupted:     0 kB
AnonHugePages:    702464 kB
HugePages_Total:       0
HugePages_Free:        0
HugePages_Rsvd:        0
HugePages_Surp:        0
Hugepagesize:       2048 kB
DirectMap4k:       96312 kB
DirectMap2M:     8083456 kB


CPU:total 4 (2 cores per cpu, 2 threads per core) family 6 model 37 stepping 2, cmov, cx8, fxsr, mmx, sse, sse2, sse3, ssse3, sse4.1, sse4.2, popcnt, aes, ht, tsc, tscinvbit

/proc/cpuinfo:
processor	: 0
vendor_id	: GenuineIntel
cpu family	: 6
model		: 37
model name	: Intel(R) Core(TM) i7 CPU       L 620  @ 2.00GHz
stepping	: 2
microcode	: 0xc
cpu MHz		: 1199.000
cache size	: 4096 KB
physical id	: 0
siblings	: 4
core id		: 0
cpu cores	: 2
apicid		: 0
initial apicid	: 0
fpu		: yes
fpu_exception	: yes
cpuid level	: 11
wp		: yes
flags		: fpu vme de pse tsc msr pae mce cx8 apic sep mtrr pge mca cmov pat pse36 clflush dts acpi mmx fxsr sse sse2 ss ht tm pbe syscall nx rdtscp lm constant_tsc arch_perfmon pebs bts rep_good nopl xtopology nonstop_tsc aperfmperf pni pclmulqdq dtes64 monitor ds_cpl vmx smx est tm2 ssse3 cx16 xtpr pdcm sse4_1 sse4_2 popcnt aes lahf_lm ida arat dtherm tpr_shadow vnmi flexpriority ept vpid
bogomips	: 3990.01
clflush size	: 64
cache_alignment	: 64
address sizes	: 36 bits physical, 48 bits virtual
power management:

processor	: 1
vendor_id	: GenuineIntel
cpu family	: 6
model		: 37
model name	: Intel(R) Core(TM) i7 CPU       L 620  @ 2.00GHz
stepping	: 2
microcode	: 0xc
cpu MHz		: 2000.000
cache size	: 4096 KB
physical id	: 0
siblings	: 4
core id		: 0
cpu cores	: 2
apicid		: 1
initial apicid	: 1
fpu		: yes
fpu_exception	: yes
cpuid level	: 11
wp		: yes
flags		: fpu vme de pse tsc msr pae mce cx8 apic sep mtrr pge mca cmov pat pse36 clflush dts acpi mmx fxsr sse sse2 ss ht tm pbe syscall nx rdtscp lm constant_tsc arch_perfmon pebs bts rep_good nopl xtopology nonstop_tsc aperfmperf pni pclmulqdq dtes64 monitor ds_cpl vmx smx est tm2 ssse3 cx16 xtpr pdcm sse4_1 sse4_2 popcnt aes lahf_lm ida arat dtherm tpr_shadow vnmi flexpriority ept vpid
bogomips	: 3990.01
clflush size	: 64
cache_alignment	: 64
address sizes	: 36 bits physical, 48 bits virtual
power management:

processor	: 2
vendor_id	: GenuineIntel
cpu family	: 6
model		: 37
model name	: Intel(R) Core(TM) i7 CPU       L 620  @ 2.00GHz
stepping	: 2
microcode	: 0xc
cpu MHz		: 1866.000
cache size	: 4096 KB
physical id	: 0
siblings	: 4
core id		: 2
cpu cores	: 2
apicid		: 4
initial apicid	: 4
fpu		: yes
fpu_exception	: yes
cpuid level	: 11
wp		: yes
flags		: fpu vme de pse tsc msr pae mce cx8 apic sep mtrr pge mca cmov pat pse36 clflush dts acpi mmx fxsr sse sse2 ss ht tm pbe syscall nx rdtscp lm constant_tsc arch_perfmon pebs bts rep_good nopl xtopology nonstop_tsc aperfmperf pni pclmulqdq dtes64 monitor ds_cpl vmx smx est tm2 ssse3 cx16 xtpr pdcm sse4_1 sse4_2 popcnt aes lahf_lm ida arat dtherm tpr_shadow vnmi flexpriority ept vpid
bogomips	: 3990.01
clflush size	: 64
cache_alignment	: 64
address sizes	: 36 bits physical, 48 bits virtual
power management:

processor	: 3
vendor_id	: GenuineIntel
cpu family	: 6
model		: 37
model name	: Intel(R) Core(TM) i7 CPU       L 620  @ 2.00GHz
stepping	: 2
microcode	: 0xc
cpu MHz		: 1199.000
cache size	: 4096 KB
physical id	: 0
siblings	: 4
core id		: 2
cpu cores	: 2
apicid		: 5
initial apicid	: 5
fpu		: yes
fpu_exception	: yes
cpuid level	: 11
wp		: yes
flags		: fpu vme de pse tsc msr pae mce cx8 apic sep mtrr pge mca cmov pat pse36 clflush dts acpi mmx fxsr sse sse2 ss ht tm pbe syscall nx rdtscp lm constant_tsc arch_perfmon pebs bts rep_good nopl xtopology nonstop_tsc aperfmperf pni pclmulqdq dtes64 monitor ds_cpl vmx smx est tm2 ssse3 cx16 xtpr pdcm sse4_1 sse4_2 popcnt aes lahf_lm ida arat dtherm tpr_shadow vnmi flexpriority ept vpid
bogomips	: 3990.01
clflush size	: 64
cache_alignment	: 64
address sizes	: 36 bits physical, 48 bits virtual
power management:



Memory: 4k page, physical 7967972k(4419808k free), swap 8175612k(8175612k free)

vm_info: OpenJDK 64-Bit Server VM (24.79-b02) for linux-amd64 JRE (1.7.0_79-b14), built on Jul 24 2015 08:15:54 by "buildd" with gcc 4.8.2

time: Fri Oct  9 19:00:28 2015
elapsed time: 39 seconds

